{"/home/travis/build/npmtest/node-npmtest-discord.js/test.js":{"path":"/home/travis/build/npmtest/node-npmtest-discord.js/test.js","s":{"1":2,"2":2,"3":2,"4":2,"5":2,"6":2,"7":2,"8":1,"9":2,"10":2,"11":1,"12":1,"13":1,"14":1,"15":2,"16":2,"17":2,"18":2,"19":1,"20":1,"21":2,"22":2,"23":2,"24":1,"25":1,"26":1,"27":1,"28":1,"29":1,"30":1,"31":1,"32":1,"33":1,"34":1,"35":1,"36":1,"37":1,"38":1,"39":2,"40":2,"41":1,"42":2,"43":2,"44":1,"45":2,"46":2,"47":1,"48":2,"49":2,"50":1,"51":1,"52":1,"53":1,"54":1},"b":{"1":[2,1,1,1],"2":[1,1,1,1],"3":[1,1],"4":[1,1],"5":[1,1],"6":[1,1],"7":[1,1],"8":[1,1],"9":[1,1],"10":[1,1,1],"11":[1,1],"12":[1,1],"13":[1,1],"14":[1,1],"15":[1,1],"16":[1,1],"17":[1,1]},"f":{"1":2,"2":2,"3":2,"4":2,"5":2,"6":1,"7":1,"8":1,"9":2,"10":2,"11":2,"12":2,"13":1},"fnMap":{"1":{"name":"(anonymous_1)","line":12,"loc":{"start":{"line":12,"column":1},"end":{"line":12,"column":13}}},"2":{"name":"(anonymous_2)","line":19,"loc":{"start":{"line":19,"column":5},"end":{"line":19,"column":17}}},"3":{"name":"(anonymous_3)","line":23,"loc":{"start":{"line":23,"column":24},"end":{"line":23,"column":36}}},"4":{"name":"(anonymous_4)","line":61,"loc":{"start":{"line":61,"column":5},"end":{"line":61,"column":17}}},"5":{"name":"(anonymous_5)","line":82,"loc":{"start":{"line":82,"column":5},"end":{"line":82,"column":17}}},"6":{"name":"(anonymous_6)","line":91,"loc":{"start":{"line":91,"column":77},"end":{"line":94,"column":10}}},"7":{"name":"(anonymous_7)","line":112,"loc":{"start":{"line":112,"column":83},"end":{"line":115,"column":10}},"skip":true},"8":{"name":"(anonymous_8)","line":123,"loc":{"start":{"line":123,"column":77},"end":{"line":126,"column":10}},"skip":true},"9":{"name":"(anonymous_9)","line":139,"loc":{"start":{"line":139,"column":12},"end":{"line":139,"column":40}},"skip":true},"10":{"name":"(anonymous_10)","line":147,"loc":{"start":{"line":147,"column":77},"end":{"line":150,"column":10}},"skip":true},"11":{"name":"(anonymous_11)","line":158,"loc":{"start":{"line":158,"column":83},"end":{"line":161,"column":10}},"skip":true},"12":{"name":"(anonymous_12)","line":169,"loc":{"start":{"line":169,"column":79},"end":{"line":172,"column":10}},"skip":true},"13":{"name":"(anonymous_13)","line":180,"loc":{"start":{"line":180,"column":75},"end":{"line":183,"column":10}},"skip":true}},"statementMap":{"1":{"start":{"line":12,"column":0},"end":{"line":195,"column":5}},"2":{"start":{"line":14,"column":4},"end":{"line":14,"column":14}},"3":{"start":{"line":19,"column":4},"end":{"line":56,"column":9}},"4":{"start":{"line":21,"column":8},"end":{"line":21,"column":19}},"5":{"start":{"line":23,"column":8},"end":{"line":35,"column":13}},"6":{"start":{"line":24,"column":12},"end":{"line":34,"column":13}},"7":{"start":{"line":25,"column":16},"end":{"line":28,"column":30}},"8":{"start":{"line":30,"column":16},"end":{"line":33,"column":27}},"9":{"start":{"line":37,"column":8},"end":{"line":39,"column":21}},"10":{"start":{"line":40,"column":8},"end":{"line":53,"column":9}},"11":{"start":{"line":43,"column":12},"end":{"line":46,"column":14}},"12":{"start":{"line":47,"column":12},"end":{"line":47,"column":18}},"13":{"start":{"line":50,"column":12},"end":{"line":51,"column":46}},"14":{"start":{"line":52,"column":12},"end":{"line":52,"column":18}},"15":{"start":{"line":55,"column":8},"end":{"line":55,"column":35}},"16":{"start":{"line":61,"column":4},"end":{"line":63,"column":9}},"17":{"start":{"line":62,"column":8},"end":{"line":62,"column":15}},"18":{"start":{"line":64,"column":4},"end":{"line":77,"column":5}},"19":{"start":{"line":70,"column":8},"end":{"line":70,"column":14}},"20":{"start":{"line":76,"column":8},"end":{"line":76,"column":14}},"21":{"start":{"line":82,"column":4},"end":{"line":84,"column":9}},"22":{"start":{"line":83,"column":8},"end":{"line":83,"column":15}},"23":{"start":{"line":85,"column":4},"end":{"line":194,"column":5}},"24":{"start":{"line":91,"column":8},"end":{"line":99,"column":10}},"25":{"start":{"line":98,"column":12},"end":{"line":98,"column":35}},"26":{"start":{"line":102,"column":8},"end":{"line":104,"column":63}},"27":{"start":{"line":105,"column":8},"end":{"line":105,"column":14}},"28":{"start":{"line":112,"column":8},"end":{"line":121,"column":10},"skip":true},"29":{"start":{"line":119,"column":12},"end":{"line":119,"column":55},"skip":true},"30":{"start":{"line":120,"column":12},"end":{"line":120,"column":48},"skip":true},"31":{"start":{"line":123,"column":8},"end":{"line":136,"column":10},"skip":true},"32":{"start":{"line":130,"column":12},"end":{"line":130,"column":76},"skip":true},"33":{"start":{"line":131,"column":12},"end":{"line":131,"column":73},"skip":true},"34":{"start":{"line":132,"column":12},"end":{"line":132,"column":74},"skip":true},"35":{"start":{"line":133,"column":12},"end":{"line":133,"column":79},"skip":true},"36":{"start":{"line":134,"column":12},"end":{"line":134,"column":25},"skip":true},"37":{"start":{"line":135,"column":12},"end":{"line":135,"column":45},"skip":true},"38":{"start":{"line":138,"column":8},"end":{"line":145,"column":14},"skip":true},"39":{"start":{"line":143,"column":16},"end":{"line":143,"column":29},"skip":true},"40":{"start":{"line":144,"column":16},"end":{"line":144,"column":55},"skip":true},"41":{"start":{"line":147,"column":8},"end":{"line":156,"column":10},"skip":true},"42":{"start":{"line":154,"column":12},"end":{"line":154,"column":25},"skip":true},"43":{"start":{"line":155,"column":12},"end":{"line":155,"column":45},"skip":true},"44":{"start":{"line":158,"column":8},"end":{"line":167,"column":10},"skip":true},"45":{"start":{"line":165,"column":12},"end":{"line":165,"column":25},"skip":true},"46":{"start":{"line":166,"column":12},"end":{"line":166,"column":48},"skip":true},"47":{"start":{"line":169,"column":8},"end":{"line":178,"column":10},"skip":true},"48":{"start":{"line":176,"column":12},"end":{"line":176,"column":25},"skip":true},"49":{"start":{"line":177,"column":12},"end":{"line":177,"column":46},"skip":true},"50":{"start":{"line":180,"column":8},"end":{"line":189,"column":10},"skip":true},"51":{"start":{"line":187,"column":12},"end":{"line":187,"column":94},"skip":true},"52":{"start":{"line":188,"column":12},"end":{"line":188,"column":48},"skip":true},"53":{"start":{"line":192,"column":8},"end":{"line":192,"column":35},"skip":true},"54":{"start":{"line":193,"column":8},"end":{"line":193,"column":14},"skip":true}},"branchMap":{"1":{"line":25,"type":"binary-expr","locations":[{"start":{"line":25,"column":23},"end":{"line":25,"column":62}},{"start":{"line":26,"column":20},"end":{"line":26,"column":70}},{"start":{"line":27,"column":20},"end":{"line":27,"column":71}},{"start":{"line":28,"column":20},"end":{"line":28,"column":29}}]},"2":{"line":30,"type":"binary-expr","locations":[{"start":{"line":30,"column":23},"end":{"line":30,"column":37}},{"start":{"line":31,"column":20},"end":{"line":31,"column":61}},{"start":{"line":32,"column":20},"end":{"line":32,"column":70}},{"start":{"line":33,"column":20},"end":{"line":33,"column":26}}]},"3":{"line":37,"type":"cond-expr","locations":[{"start":{"line":38,"column":14},"end":{"line":38,"column":20}},{"start":{"line":39,"column":14},"end":{"line":39,"column":20}}]},"4":{"line":40,"type":"switch","locations":[{"start":{"line":42,"column":8},"end":{"line":47,"column":18}},{"start":{"line":49,"column":8},"end":{"line":52,"column":18}}]},"5":{"line":44,"type":"binary-expr","locations":[{"start":{"line":44,"column":16},"end":{"line":44,"column":44}},{"start":{"line":44,"column":48},"end":{"line":44,"column":66}}]},"6":{"line":50,"type":"binary-expr","locations":[{"start":{"line":50,"column":21},"end":{"line":50,"column":49}},{"start":{"line":50,"column":53},"end":{"line":50,"column":72}}]},"7":{"line":64,"type":"switch","locations":[{"start":{"line":69,"column":4},"end":{"line":70,"column":14}},{"start":{"line":75,"column":4},"end":{"line":76,"column":14}}]},"8":{"line":85,"type":"switch","locations":[{"start":{"line":90,"column":4},"end":{"line":105,"column":14}},{"start":{"line":111,"column":4},"end":{"line":193,"column":14},"skip":true}]},"9":{"line":91,"type":"binary-expr","locations":[{"start":{"line":91,"column":42},"end":{"line":91,"column":73}},{"start":{"line":91,"column":77},"end":{"line":99,"column":9}}]},"10":{"line":102,"type":"binary-expr","locations":[{"start":{"line":102,"column":18},"end":{"line":102,"column":32}},{"start":{"line":103,"column":12},"end":{"line":103,"column":53}},{"start":{"line":104,"column":12},"end":{"line":104,"column":61}}]},"11":{"line":112,"type":"binary-expr","locations":[{"start":{"line":112,"column":45},"end":{"line":112,"column":79},"skip":true},{"start":{"line":112,"column":83},"end":{"line":121,"column":9},"skip":true}]},"12":{"line":123,"type":"binary-expr","locations":[{"start":{"line":123,"column":42},"end":{"line":123,"column":73},"skip":true},{"start":{"line":123,"column":77},"end":{"line":136,"column":9},"skip":true}]},"13":{"line":138,"type":"binary-expr","locations":[{"start":{"line":138,"column":48},"end":{"line":138,"column":85},"skip":true},{"start":{"line":139,"column":12},"end":{"line":145,"column":13},"skip":true}]},"14":{"line":147,"type":"binary-expr","locations":[{"start":{"line":147,"column":42},"end":{"line":147,"column":73},"skip":true},{"start":{"line":147,"column":77},"end":{"line":156,"column":9},"skip":true}]},"15":{"line":158,"type":"binary-expr","locations":[{"start":{"line":158,"column":45},"end":{"line":158,"column":79},"skip":true},{"start":{"line":158,"column":83},"end":{"line":167,"column":9},"skip":true}]},"16":{"line":169,"type":"binary-expr","locations":[{"start":{"line":169,"column":43},"end":{"line":169,"column":75},"skip":true},{"start":{"line":169,"column":79},"end":{"line":178,"column":9},"skip":true}]},"17":{"line":180,"type":"binary-expr","locations":[{"start":{"line":180,"column":41},"end":{"line":180,"column":71},"skip":true},{"start":{"line":180,"column":75},"end":{"line":189,"column":9},"skip":true}]}},"code":["/* istanbul instrument in package npmtest_discord_js */","/*jslint","    bitwise: true,","    browser: true,","    maxerr: 8,","    maxlen: 96,","    node: true,","    nomen: true,","    regexp: true,","    stupid: true","*/","(function () {","    'use strict';","    var local;","","","","    // run shared js-env code - pre-init","    (function () {","        // init local","        local = {};","        // init modeJs","        local.modeJs = (function () {","            try {","                return typeof navigator.userAgent === 'string' &&","                    typeof document.querySelector('body') === 'object' &&","                    typeof XMLHttpRequest.prototype.open === 'function' &&","                    'browser';","            } catch (errorCaughtBrowser) {","                return module.exports &&","                    typeof process.versions.node === 'string' &&","                    typeof require('http').createServer === 'function' &&","                    'node';","            }","        }());","        // init global","        local.global = local.modeJs === 'browser'","            ? window","            : global;","        switch (local.modeJs) {","        // re-init local from window.local","        case 'browser':","            local = local.global.utility2.objectSetDefault(","                local.global.utility2_rollup || local.global.local,","                local.global.utility2","            );","            break;","        // re-init local from example.js","        case 'node':","            local = (local.global.utility2_rollup || require('utility2'))","                .requireExampleJsFromReadme();","            break;","        }","        // export local","        local.global.local = local;","    }());","","","","    // run shared js-env code - function","    (function () {","        return;","    }());","    switch (local.modeJs) {","","","","    // run browser js-env code - function","    case 'browser':","        break;","","","","    // run node js-env code - function","    case 'node':","        break;","    }","","","","    // run shared js-env code - post-init","    (function () {","        return;","    }());","    switch (local.modeJs) {","","","","    // run browser js-env code - post-init","    case 'browser':","        local.testCase_browser_nullCase = local.testCase_browser_nullCase || function (","            options,","            onError","        ) {","        /*","         * this function will test browsers's null-case handling-behavior-behavior","         */","            onError(null, options);","        };","","        // run tests","        local.nop(local.modeTest &&","            document.querySelector('#testRunButton1') &&","            document.querySelector('#testRunButton1').click());","        break;","","","","    // run node js-env code - post-init","    /* istanbul ignore next */","    case 'node':","        local.testCase_buildApidoc_default = local.testCase_buildApidoc_default || function (","            options,","            onError","        ) {","        /*","         * this function will test buildApidoc's default handling-behavior-behavior","         */","            options = { modulePathList: module.paths };","            local.buildApidoc(options, onError);","        };","","        local.testCase_buildApp_default = local.testCase_buildApp_default || function (","            options,","            onError","        ) {","        /*","         * this function will test buildApp's default handling-behavior-behavior","         */","            local.testCase_buildReadme_default(options, local.onErrorThrow);","            local.testCase_buildLib_default(options, local.onErrorThrow);","            local.testCase_buildTest_default(options, local.onErrorThrow);","            local.testCase_buildCustomOrg_default(options, local.onErrorThrow);","            options = [];","            local.buildApp(options, onError);","        };","","        local.testCase_buildCustomOrg_default = local.testCase_buildCustomOrg_default ||","            function (options, onError) {","            /*","             * this function will test buildCustomOrg's default handling-behavior","             */","                options = {};","                local.buildCustomOrg(options, onError);","            };","","        local.testCase_buildLib_default = local.testCase_buildLib_default || function (","            options,","            onError","        ) {","        /*","         * this function will test buildLib's default handling-behavior","         */","            options = {};","            local.buildLib(options, onError);","        };","","        local.testCase_buildReadme_default = local.testCase_buildReadme_default || function (","            options,","            onError","        ) {","        /*","         * this function will test buildReadme's default handling-behavior-behavior","         */","            options = {};","            local.buildReadme(options, onError);","        };","","        local.testCase_buildTest_default = local.testCase_buildTest_default || function (","            options,","            onError","        ) {","        /*","         * this function will test buildTest's default handling-behavior","         */","            options = {};","            local.buildTest(options, onError);","        };","","        local.testCase_webpage_default = local.testCase_webpage_default || function (","            options,","            onError","        ) {","        /*","         * this function will test webpage's default handling-behavior","         */","            options = { modeCoverageMerge: true, url: local.serverLocalHost + '?modeTest=1' };","            local.browserTest(options, onError);","        };","","        // run test-server","        local.testRunServer(local);","        break;","    }","}());",""],"l":{"12":2,"14":2,"19":2,"21":2,"23":2,"24":2,"25":2,"30":1,"37":2,"40":2,"43":1,"47":1,"50":1,"52":1,"55":2,"61":2,"62":2,"64":2,"70":1,"76":1,"82":2,"83":2,"85":2,"91":1,"98":1,"102":1,"105":1,"112":1,"119":1,"120":1,"123":1,"130":1,"131":1,"132":1,"133":1,"134":1,"135":1,"138":1,"143":2,"144":2,"147":1,"154":2,"155":2,"158":1,"165":2,"166":2,"169":1,"176":2,"177":2,"180":1,"187":1,"188":1,"192":1,"193":1}},"/home/travis/build/npmtest/node-npmtest-discord.js/lib.npmtest_discord.js.js":{"path":"/home/travis/build/npmtest/node-npmtest-discord.js/lib.npmtest_discord.js.js","s":{"1":2,"2":2,"3":2,"4":2,"5":2,"6":2,"7":2,"8":1,"9":2,"10":2,"11":2,"12":2,"13":1,"14":1,"15":1,"16":1},"b":{"1":[2,1,1,1],"2":[1,1,1,1],"3":[1,1],"4":[2,2],"5":[1,1]},"f":{"1":2,"2":2,"3":2},"fnMap":{"1":{"name":"(anonymous_1)","line":12,"loc":{"start":{"line":12,"column":1},"end":{"line":12,"column":13}}},"2":{"name":"(anonymous_2)","line":19,"loc":{"start":{"line":19,"column":5},"end":{"line":19,"column":17}}},"3":{"name":"(anonymous_3)","line":23,"loc":{"start":{"line":23,"column":24},"end":{"line":23,"column":36}}}},"statementMap":{"1":{"start":{"line":12,"column":0},"end":{"line":53,"column":5}},"2":{"start":{"line":14,"column":4},"end":{"line":14,"column":14}},"3":{"start":{"line":19,"column":4},"end":{"line":52,"column":9}},"4":{"start":{"line":21,"column":8},"end":{"line":21,"column":19}},"5":{"start":{"line":23,"column":8},"end":{"line":35,"column":13}},"6":{"start":{"line":24,"column":12},"end":{"line":34,"column":13}},"7":{"start":{"line":25,"column":16},"end":{"line":28,"column":30}},"8":{"start":{"line":30,"column":16},"end":{"line":33,"column":27}},"9":{"start":{"line":37,"column":8},"end":{"line":39,"column":21}},"10":{"start":{"line":41,"column":8},"end":{"line":41,"column":54}},"11":{"start":{"line":43,"column":8},"end":{"line":43,"column":55}},"12":{"start":{"line":45,"column":8},"end":{"line":51,"column":9}},"13":{"start":{"line":46,"column":12},"end":{"line":46,"column":61}},"14":{"start":{"line":48,"column":12},"end":{"line":48,"column":35}},"15":{"start":{"line":49,"column":12},"end":{"line":49,"column":49}},"16":{"start":{"line":50,"column":12},"end":{"line":50,"column":43}}},"branchMap":{"1":{"line":25,"type":"binary-expr","locations":[{"start":{"line":25,"column":23},"end":{"line":25,"column":62}},{"start":{"line":26,"column":20},"end":{"line":26,"column":70}},{"start":{"line":27,"column":20},"end":{"line":27,"column":71}},{"start":{"line":28,"column":20},"end":{"line":28,"column":29}}]},"2":{"line":30,"type":"binary-expr","locations":[{"start":{"line":30,"column":23},"end":{"line":30,"column":37}},{"start":{"line":31,"column":20},"end":{"line":31,"column":61}},{"start":{"line":32,"column":20},"end":{"line":32,"column":70}},{"start":{"line":33,"column":20},"end":{"line":33,"column":26}}]},"3":{"line":37,"type":"cond-expr","locations":[{"start":{"line":38,"column":14},"end":{"line":38,"column":20}},{"start":{"line":39,"column":14},"end":{"line":39,"column":20}}]},"4":{"line":41,"type":"binary-expr","locations":[{"start":{"line":41,"column":16},"end":{"line":41,"column":44}},{"start":{"line":41,"column":48},"end":{"line":41,"column":53}}]},"5":{"line":45,"type":"if","locations":[{"start":{"line":45,"column":8},"end":{"line":45,"column":8}},{"start":{"line":45,"column":8},"end":{"line":45,"column":8}}]}},"code":["/* istanbul instrument in package npmtest_discord_js */","/*jslint","    bitwise: true,","    browser: true,","    maxerr: 8,","    maxlen: 96,","    node: true,","    nomen: true,","    regexp: true,","    stupid: true","*/","(function () {","    'use strict';","    var local;","","","","    // run shared js-env code - pre-init","    (function () {","        // init local","        local = {};","        // init modeJs","        local.modeJs = (function () {","            try {","                return typeof navigator.userAgent === 'string' &&","                    typeof document.querySelector('body') === 'object' &&","                    typeof XMLHttpRequest.prototype.open === 'function' &&","                    'browser';","            } catch (errorCaughtBrowser) {","                return module.exports &&","                    typeof process.versions.node === 'string' &&","                    typeof require('http').createServer === 'function' &&","                    'node';","            }","        }());","        // init global","        local.global = local.modeJs === 'browser'","            ? window","            : global;","        // init utility2_rollup","        local = local.global.utility2_rollup || local;","        // init lib","        local.local = local.npmtest_discord_js = local;","        // init exports","        if (local.modeJs === 'browser') {","            local.global.utility2_npmtest_discord_js = local;","        } else {","            module.exports = local;","            module.exports.__dirname = __dirname;","            module.exports.module = module;","        }","    }());","}());",""],"l":{"12":2,"14":2,"19":2,"21":2,"23":2,"24":2,"25":2,"30":1,"37":2,"41":2,"43":2,"45":2,"46":1,"48":1,"49":1,"50":1}},"/home/travis/build/npmtest/node-npmtest-discord.js/example.js":{"path":"/home/travis/build/npmtest/node-npmtest-discord.js/example.js","s":{"1":2,"2":2,"3":2,"4":2,"5":2,"6":2,"7":2,"8":1,"9":2,"10":2,"11":2,"12":2,"13":1,"14":2,"15":2,"16":2,"17":2,"18":2,"19":0,"20":2,"21":1,"22":1,"23":1,"24":1,"25":1,"26":0,"27":0,"28":1,"29":1,"30":2,"31":0,"32":0,"33":0,"34":1,"35":2,"36":2,"37":3,"38":3,"39":3,"40":3,"41":0,"42":3,"43":3,"44":3,"45":1,"46":3,"47":1,"48":1,"49":1,"50":1,"51":1,"52":1,"53":1,"54":1,"55":1,"56":1,"57":0,"58":1,"59":6,"60":6,"61":1,"62":2,"63":0,"64":2,"65":1,"66":1,"67":0,"68":0,"69":0,"70":0,"71":0,"72":0,"73":0,"74":0,"75":0,"76":0,"77":0,"78":0,"79":0,"80":0,"81":0,"82":0,"83":0},"b":{"1":[2,1,1,1],"2":[1,1,1,1],"3":[1,1],"4":[2,2],"5":[1,1],"6":[1,1],"7":[2,0],"8":[2,1,1,1,1,1],"9":[0,2,0],"10":[1,1],"11":[2,1,1],"12":[1,0],"13":[0,2],"14":[2,0,0,0,0,0,0],"15":[0,3],"16":[3,0],"17":[1,1],"18":[0,1],"19":[1,2,0,2],"20":[1,0],"21":[1,1],"22":[0,0],"23":[0,0],"24":[0,0],"25":[0,0],"26":[0,0],"27":[0,0],"28":[0,0]},"f":{"1":2,"2":2,"3":2,"4":2,"5":2,"6":2,"7":3,"8":3,"9":3,"10":1,"11":6,"12":0},"fnMap":{"1":{"name":"(anonymous_1)","line":26,"loc":{"start":{"line":26,"column":1},"end":{"line":26,"column":13}}},"2":{"name":"(anonymous_2)","line":33,"loc":{"start":{"line":33,"column":5},"end":{"line":33,"column":17}}},"3":{"name":"(anonymous_3)","line":37,"loc":{"start":{"line":37,"column":24},"end":{"line":37,"column":36}}},"4":{"name":"(anonymous_4)","line":69,"loc":{"start":{"line":69,"column":31},"end":{"line":69,"column":48}},"skip":true},"5":{"name":"(anonymous_5)","line":78,"loc":{"start":{"line":78,"column":26},"end":{"line":78,"column":45}},"skip":true},"6":{"name":"(anonymous_6)","line":123,"loc":{"start":{"line":123,"column":33},"end":{"line":123,"column":48}},"skip":true},"7":{"name":"(anonymous_7)","line":125,"loc":{"start":{"line":125,"column":27},"end":{"line":125,"column":39}},"skip":true},"8":{"name":"(anonymous_8)","line":133,"loc":{"start":{"line":133,"column":59},"end":{"line":133,"column":74}},"skip":true},"9":{"name":"(anonymous_9)","line":143,"loc":{"start":{"line":143,"column":45},"end":{"line":143,"column":62}},"skip":true},"10":{"name":"(anonymous_10)","line":144,"loc":{"start":{"line":144,"column":73},"end":{"line":144,"column":92}},"skip":true},"11":{"name":"(anonymous_11)","line":272,"loc":{"start":{"line":272,"column":51},"end":{"line":272,"column":77}},"skip":true},"12":{"name":"(anonymous_12)","line":315,"loc":{"start":{"line":315,"column":32},"end":{"line":315,"column":61}},"skip":true}},"statementMap":{"1":{"start":{"line":26,"column":0},"end":{"line":326,"column":5}},"2":{"start":{"line":28,"column":4},"end":{"line":28,"column":14}},"3":{"start":{"line":33,"column":4},"end":{"line":60,"column":9}},"4":{"start":{"line":35,"column":8},"end":{"line":35,"column":19}},"5":{"start":{"line":37,"column":8},"end":{"line":49,"column":13}},"6":{"start":{"line":38,"column":12},"end":{"line":48,"column":13}},"7":{"start":{"line":39,"column":16},"end":{"line":42,"column":30}},"8":{"start":{"line":44,"column":16},"end":{"line":47,"column":27}},"9":{"start":{"line":51,"column":8},"end":{"line":53,"column":21}},"10":{"start":{"line":55,"column":8},"end":{"line":57,"column":45}},"11":{"start":{"line":59,"column":8},"end":{"line":59,"column":35}},"12":{"start":{"line":61,"column":4},"end":{"line":325,"column":5}},"13":{"start":{"line":69,"column":8},"end":{"line":121,"column":10},"skip":true},"14":{"start":{"line":70,"column":12},"end":{"line":88,"column":13},"skip":true},"15":{"start":{"line":76,"column":16},"end":{"line":87,"column":19},"skip":true},"16":{"start":{"line":79,"column":20},"end":{"line":86,"column":21},"skip":true},"17":{"start":{"line":82,"column":24},"end":{"line":82,"column":43},"skip":true},"18":{"start":{"line":83,"column":24},"end":{"line":83,"column":30},"skip":true},"19":{"start":{"line":85,"column":24},"end":{"line":85,"column":49},"skip":true},"20":{"start":{"line":89,"column":12},"end":{"line":107,"column":13},"skip":true},"21":{"start":{"line":92,"column":16},"end":{"line":102,"column":17},"skip":true},"22":{"start":{"line":93,"column":20},"end":{"line":93,"column":86},"skip":true},"23":{"start":{"line":94,"column":20},"end":{"line":95,"column":45},"skip":true},"24":{"start":{"line":96,"column":20},"end":{"line":96,"column":42},"skip":true},"25":{"start":{"line":97,"column":20},"end":{"line":97,"column":48},"skip":true},"26":{"start":{"line":100,"column":20},"end":{"line":100,"column":85},"skip":true},"27":{"start":{"line":101,"column":20},"end":{"line":101,"column":96},"skip":true},"28":{"start":{"line":103,"column":16},"end":{"line":103,"column":22},"skip":true},"29":{"start":{"line":106,"column":16},"end":{"line":106,"column":22},"skip":true},"30":{"start":{"line":108,"column":12},"end":{"line":120,"column":13},"skip":true},"31":{"start":{"line":114,"column":16},"end":{"line":119,"column":17},"skip":true},"32":{"start":{"line":116,"column":20},"end":{"line":116,"column":78},"skip":true},"33":{"start":{"line":118,"column":20},"end":{"line":118,"column":47},"skip":true},"34":{"start":{"line":123,"column":8},"end":{"line":141,"column":11},"skip":true},"35":{"start":{"line":124,"column":12},"end":{"line":124,"column":54},"skip":true},"36":{"start":{"line":125,"column":12},"end":{"line":140,"column":14},"skip":true},"37":{"start":{"line":126,"column":16},"end":{"line":126,"column":28},"skip":true},"38":{"start":{"line":127,"column":16},"end":{"line":127,"column":69},"skip":true},"39":{"start":{"line":128,"column":16},"end":{"line":128,"column":75},"skip":true},"40":{"start":{"line":129,"column":16},"end":{"line":131,"column":17},"skip":true},"41":{"start":{"line":130,"column":20},"end":{"line":130,"column":27},"skip":true},"42":{"start":{"line":133,"column":16},"end":{"line":137,"column":36},"skip":true},"43":{"start":{"line":134,"column":20},"end":{"line":136,"column":55},"skip":true},"44":{"start":{"line":139,"column":16},"end":{"line":139,"column":57},"skip":true},"45":{"start":{"line":143,"column":8},"end":{"line":147,"column":11},"skip":true},"46":{"start":{"line":144,"column":12},"end":{"line":146,"column":15},"skip":true},"47":{"start":{"line":145,"column":16},"end":{"line":145,"column":70},"skip":true},"48":{"start":{"line":149,"column":8},"end":{"line":149,"column":31},"skip":true},"49":{"start":{"line":150,"column":8},"end":{"line":150,"column":14},"skip":true},"50":{"start":{"line":158,"column":8},"end":{"line":158,"column":31},"skip":true},"51":{"start":{"line":160,"column":8},"end":{"line":160,"column":33},"skip":true},"52":{"start":{"line":161,"column":8},"end":{"line":161,"column":37},"skip":true},"53":{"start":{"line":162,"column":8},"end":{"line":162,"column":35},"skip":true},"54":{"start":{"line":164,"column":8},"end":{"line":164,"column":50},"skip":true},"55":{"start":{"line":166,"column":8},"end":{"line":256,"column":2},"skip":true},"56":{"start":{"line":258,"column":8},"end":{"line":286,"column":9},"skip":true},"57":{"start":{"line":259,"column":12},"end":{"line":269,"column":14},"skip":true},"58":{"start":{"line":271,"column":12},"end":{"line":285,"column":19},"skip":true},"59":{"start":{"line":274,"column":20},"end":{"line":274,"column":35},"skip":true},"60":{"start":{"line":275,"column":20},"end":{"line":284,"column":21},"skip":true},"61":{"start":{"line":277,"column":24},"end":{"line":277,"column":64},"skip":true},"62":{"start":{"line":279,"column":24},"end":{"line":279,"column":40},"skip":true},"63":{"start":{"line":281,"column":24},"end":{"line":281,"column":40},"skip":true},"64":{"start":{"line":283,"column":24},"end":{"line":283,"column":39},"skip":true},"65":{"start":{"line":288,"column":8},"end":{"line":290,"column":9},"skip":true},"66":{"start":{"line":289,"column":12},"end":{"line":289,"column":18},"skip":true},"67":{"start":{"line":291,"column":8},"end":{"line":293,"column":54},"skip":true},"68":{"start":{"line":296,"column":8},"end":{"line":301,"column":37},"skip":true},"69":{"start":{"line":303,"column":8},"end":{"line":303,"column":82},"skip":true},"70":{"start":{"line":306,"column":8},"end":{"line":308,"column":9},"skip":true},"71":{"start":{"line":307,"column":12},"end":{"line":307,"column":82},"skip":true},"72":{"start":{"line":310,"column":8},"end":{"line":312,"column":9},"skip":true},"73":{"start":{"line":311,"column":12},"end":{"line":311,"column":18},"skip":true},"74":{"start":{"line":313,"column":8},"end":{"line":313,"column":54},"skip":true},"75":{"start":{"line":314,"column":8},"end":{"line":314,"column":69},"skip":true},"76":{"start":{"line":315,"column":8},"end":{"line":323,"column":36},"skip":true},"77":{"start":{"line":316,"column":12},"end":{"line":316,"column":61},"skip":true},"78":{"start":{"line":317,"column":12},"end":{"line":320,"column":13},"skip":true},"79":{"start":{"line":318,"column":16},"end":{"line":318,"column":75},"skip":true},"80":{"start":{"line":319,"column":16},"end":{"line":319,"column":23},"skip":true},"81":{"start":{"line":321,"column":12},"end":{"line":321,"column":38},"skip":true},"82":{"start":{"line":322,"column":12},"end":{"line":322,"column":27},"skip":true},"83":{"start":{"line":324,"column":8},"end":{"line":324,"column":14},"skip":true}},"branchMap":{"1":{"line":39,"type":"binary-expr","locations":[{"start":{"line":39,"column":23},"end":{"line":39,"column":62}},{"start":{"line":40,"column":20},"end":{"line":40,"column":70}},{"start":{"line":41,"column":20},"end":{"line":41,"column":71}},{"start":{"line":42,"column":20},"end":{"line":42,"column":29}}]},"2":{"line":44,"type":"binary-expr","locations":[{"start":{"line":44,"column":23},"end":{"line":44,"column":37}},{"start":{"line":45,"column":20},"end":{"line":45,"column":61}},{"start":{"line":46,"column":20},"end":{"line":46,"column":70}},{"start":{"line":47,"column":20},"end":{"line":47,"column":26}}]},"3":{"line":51,"type":"cond-expr","locations":[{"start":{"line":52,"column":14},"end":{"line":52,"column":20}},{"start":{"line":53,"column":14},"end":{"line":53,"column":20}}]},"4":{"line":55,"type":"binary-expr","locations":[{"start":{"line":55,"column":16},"end":{"line":55,"column":44}},{"start":{"line":55,"column":49},"end":{"line":57,"column":43}}]},"5":{"line":55,"type":"cond-expr","locations":[{"start":{"line":56,"column":14},"end":{"line":56,"column":54}},{"start":{"line":57,"column":14},"end":{"line":57,"column":43}}]},"6":{"line":61,"type":"switch","locations":[{"start":{"line":68,"column":4},"end":{"line":150,"column":14},"skip":true},{"start":{"line":156,"column":4},"end":{"line":324,"column":14},"skip":true}]},"7":{"line":70,"type":"if","locations":[{"start":{"line":70,"column":12},"end":{"line":70,"column":12},"skip":true},{"start":{"line":70,"column":12},"end":{"line":70,"column":12},"skip":true}]},"8":{"line":70,"type":"binary-expr","locations":[{"start":{"line":70,"column":16},"end":{"line":70,"column":22},"skip":true},{"start":{"line":70,"column":27},"end":{"line":70,"column":32},"skip":true},{"start":{"line":71,"column":20},"end":{"line":71,"column":39},"skip":true},{"start":{"line":72,"column":20},"end":{"line":72,"column":49},"skip":true},{"start":{"line":73,"column":20},"end":{"line":73,"column":58},"skip":true},{"start":{"line":74,"column":20},"end":{"line":74,"column":69},"skip":true}]},"9":{"line":79,"type":"switch","locations":[{"start":{"line":80,"column":20},"end":{"line":80,"column":33},"skip":true},{"start":{"line":81,"column":20},"end":{"line":83,"column":30},"skip":true},{"start":{"line":84,"column":20},"end":{"line":85,"column":49},"skip":true}]},"10":{"line":89,"type":"switch","locations":[{"start":{"line":90,"column":12},"end":{"line":103,"column":22},"skip":true},{"start":{"line":105,"column":12},"end":{"line":106,"column":22},"skip":true}]},"11":{"line":89,"type":"binary-expr","locations":[{"start":{"line":89,"column":20},"end":{"line":89,"column":25},"skip":true},{"start":{"line":89,"column":29},"end":{"line":89,"column":48},"skip":true},{"start":{"line":89,"column":52},"end":{"line":89,"column":74},"skip":true}]},"12":{"line":92,"type":"if","locations":[{"start":{"line":92,"column":16},"end":{"line":92,"column":16},"skip":true},{"start":{"line":92,"column":16},"end":{"line":92,"column":16},"skip":true}]},"13":{"line":108,"type":"if","locations":[{"start":{"line":108,"column":12},"end":{"line":108,"column":12},"skip":true},{"start":{"line":108,"column":12},"end":{"line":108,"column":12},"skip":true}]},"14":{"line":108,"type":"binary-expr","locations":[{"start":{"line":108,"column":16},"end":{"line":108,"column":61},"skip":true},{"start":{"line":108,"column":66},"end":{"line":108,"column":72},"skip":true},{"start":{"line":108,"column":77},"end":{"line":108,"column":82},"skip":true},{"start":{"line":109,"column":20},"end":{"line":109,"column":39},"skip":true},{"start":{"line":110,"column":20},"end":{"line":110,"column":49},"skip":true},{"start":{"line":111,"column":20},"end":{"line":111,"column":58},"skip":true},{"start":{"line":112,"column":20},"end":{"line":112,"column":68},"skip":true}]},"15":{"line":129,"type":"if","locations":[{"start":{"line":129,"column":16},"end":{"line":129,"column":16},"skip":true},{"start":{"line":129,"column":16},"end":{"line":129,"column":16},"skip":true}]},"16":{"line":134,"type":"cond-expr","locations":[{"start":{"line":135,"column":26},"end":{"line":135,"column":29},"skip":true},{"start":{"line":136,"column":26},"end":{"line":136,"column":54},"skip":true}]},"17":{"line":164,"type":"binary-expr","locations":[{"start":{"line":164,"column":27},"end":{"line":164,"column":43},"skip":true},{"start":{"line":164,"column":47},"end":{"line":164,"column":49},"skip":true}]},"18":{"line":258,"type":"if","locations":[{"start":{"line":258,"column":8},"end":{"line":258,"column":8},"skip":true},{"start":{"line":258,"column":8},"end":{"line":258,"column":8},"skip":true}]},"19":{"line":275,"type":"switch","locations":[{"start":{"line":276,"column":20},"end":{"line":277,"column":64},"skip":true},{"start":{"line":278,"column":20},"end":{"line":279,"column":40},"skip":true},{"start":{"line":280,"column":20},"end":{"line":281,"column":40},"skip":true},{"start":{"line":282,"column":20},"end":{"line":283,"column":39},"skip":true}]},"20":{"line":288,"type":"if","locations":[{"start":{"line":288,"column":8},"end":{"line":288,"column":8},"skip":true},{"start":{"line":288,"column":8},"end":{"line":288,"column":8},"skip":true}]},"21":{"line":288,"type":"binary-expr","locations":[{"start":{"line":288,"column":12},"end":{"line":288,"column":40},"skip":true},{"start":{"line":288,"column":44},"end":{"line":288,"column":67},"skip":true}]},"22":{"line":292,"type":"binary-expr","locations":[{"start":{"line":292,"column":12},"end":{"line":292,"column":50},"skip":true},{"start":{"line":293,"column":12},"end":{"line":293,"column":53},"skip":true}]},"23":{"line":297,"type":"binary-expr","locations":[{"start":{"line":297,"column":12},"end":{"line":297,"column":68},"skip":true},{"start":{"line":298,"column":12},"end":{"line":301,"column":36},"skip":true}]},"24":{"line":303,"type":"binary-expr","locations":[{"start":{"line":303,"column":43},"end":{"line":303,"column":75},"skip":true},{"start":{"line":303,"column":79},"end":{"line":303,"column":81},"skip":true}]},"25":{"line":306,"type":"if","locations":[{"start":{"line":306,"column":8},"end":{"line":306,"column":8},"skip":true},{"start":{"line":306,"column":8},"end":{"line":306,"column":8},"skip":true}]},"26":{"line":310,"type":"if","locations":[{"start":{"line":310,"column":8},"end":{"line":310,"column":8},"skip":true},{"start":{"line":310,"column":8},"end":{"line":310,"column":8},"skip":true}]},"27":{"line":313,"type":"binary-expr","locations":[{"start":{"line":313,"column":27},"end":{"line":313,"column":43},"skip":true},{"start":{"line":313,"column":47},"end":{"line":313,"column":53},"skip":true}]},"28":{"line":317,"type":"if","locations":[{"start":{"line":317,"column":12},"end":{"line":317,"column":12},"skip":true},{"start":{"line":317,"column":12},"end":{"line":317,"column":12},"skip":true}]}},"code":["/*","example.js","","quickstart example","","instruction","    1. save this script as example.js","    2. run the shell command:","        $ npm install npmtest-discord.js && PORT=8081 node example.js","    3. play with the browser-demo on http://127.0.0.1:8081","*/","","","","/* istanbul instrument in package npmtest_discord_js */","/*jslint","    bitwise: true,","    browser: true,","    maxerr: 8,","    maxlen: 96,","    node: true,","    nomen: true,","    regexp: true,","    stupid: true","*/","(function () {","    'use strict';","    var local;","","","","    // run shared js-env code - pre-init","    (function () {","        // init local","        local = {};","        // init modeJs","        local.modeJs = (function () {","            try {","                return typeof navigator.userAgent === 'string' &&","                    typeof document.querySelector('body') === 'object' &&","                    typeof XMLHttpRequest.prototype.open === 'function' &&","                    'browser';","            } catch (errorCaughtBrowser) {","                return module.exports &&","                    typeof process.versions.node === 'string' &&","                    typeof require('http').createServer === 'function' &&","                    'node';","            }","        }());","        // init global","        local.global = local.modeJs === 'browser'","            ? window","            : global;","        // init utility2_rollup","        local = local.global.utility2_rollup || (local.modeJs === 'browser'","            ? local.global.utility2_npmtest_discord_js","            : global.utility2_moduleExports);","        // export local","        local.global.local = local;","    }());","    switch (local.modeJs) {","","","","    // post-init","    // run browser js-env code - post-init","    /* istanbul ignore next */","    case 'browser':","        local.testRunBrowser = function (event) {","            if (!event || (event &&","                    event.currentTarget &&","                    event.currentTarget.className &&","                    event.currentTarget.className.includes &&","                    event.currentTarget.className.includes('onreset'))) {","                // reset output","                Array.from(","                    document.querySelectorAll('body > .resettable')","                ).forEach(function (element) {","                    switch (element.tagName) {","                    case 'INPUT':","                    case 'TEXTAREA':","                        element.value = '';","                        break;","                    default:","                        element.textContent = '';","                    }","                });","            }","            switch (event && event.currentTarget && event.currentTarget.id) {","            case 'testRunButton1':","                // show tests","                if (document.querySelector('#testReportDiv1').style.display === 'none') {","                    document.querySelector('#testReportDiv1').style.display = 'block';","                    document.querySelector('#testRunButton1').textContent =","                        'hide internal test';","                    local.modeTest = true;","                    local.testRunDefault(local);","                // hide tests","                } else {","                    document.querySelector('#testReportDiv1').style.display = 'none';","                    document.querySelector('#testRunButton1').textContent = 'run internal test';","                }","                break;","            // custom-case","            default:","                break;","            }","            if (document.querySelector('#inputTextareaEval1') && (!event || (event &&","                    event.currentTarget &&","                    event.currentTarget.className &&","                    event.currentTarget.className.includes &&","                    event.currentTarget.className.includes('oneval')))) {","                // try to eval input-code","                try {","                    /*jslint evil: true*/","                    eval(document.querySelector('#inputTextareaEval1').value);","                } catch (errorCaught) {","                    console.error(errorCaught);","                }","            }","        };","        // log stderr and stdout to #outputTextareaStdout1","        ['error', 'log'].forEach(function (key) {","            console[key + '_original'] = console[key];","            console[key] = function () {","                var element;","                console[key + '_original'].apply(console, arguments);","                element = document.querySelector('#outputTextareaStdout1');","                if (!element) {","                    return;","                }","                // append text to #outputTextareaStdout1","                element.value += Array.from(arguments).map(function (arg) {","                    return typeof arg === 'string'","                        ? arg","                        : JSON.stringify(arg, null, 4);","                }).join(' ') + '\\n';","                // scroll textarea to bottom","                element.scrollTop = element.scrollHeight;","            };","        });","        // init event-handling","        ['change', 'click', 'keyup'].forEach(function (event) {","            Array.from(document.querySelectorAll('.on' + event)).forEach(function (element) {","                element.addEventListener(event, local.testRunBrowser);","            });","        });","        // run tests","        local.testRunBrowser();","        break;","","","","    // run node js-env code - post-init","    /* istanbul ignore next */","    case 'node':","        // export local","        module.exports = local;","        // require modules","        local.fs = require('fs');","        local.http = require('http');","        local.url = require('url');","        // init assets","        local.assetsDict = local.assetsDict || {};","        /* jslint-ignore-begin */","        local.assetsDict['/assets.index.template.html'] = '\\","<!doctype html>\\n\\","<html lang=\"en\">\\n\\","<head>\\n\\","<meta charset=\"UTF-8\">\\n\\","<meta name=\"viewport\" content=\"width=device-width, initial-scale=1\">\\n\\","<title>{{env.npm_package_name}} (v{{env.npm_package_version}})</title>\\n\\","<style>\\n\\","/*csslint\\n\\","    box-sizing: false,\\n\\","    universal-selector: false\\n\\","*/\\n\\","* {\\n\\","    box-sizing: border-box;\\n\\","}\\n\\","body {\\n\\","    background: #dde;\\n\\","    font-family: Arial, Helvetica, sans-serif;\\n\\","    margin: 2rem;\\n\\","}\\n\\","body > * {\\n\\","    margin-bottom: 1rem;\\n\\","}\\n\\",".utility2FooterDiv {\\n\\","    margin-top: 20px;\\n\\","    text-align: center;\\n\\","}\\n\\","</style>\\n\\","<style>\\n\\","/*csslint\\n\\","*/\\n\\","textarea {\\n\\","    font-family: monospace;\\n\\","    height: 10rem;\\n\\","    width: 100%;\\n\\","}\\n\\","textarea[readonly] {\\n\\","    background: #ddd;\\n\\","}\\n\\","</style>\\n\\","</head>\\n\\","<body>\\n\\","<!-- utility2-comment\\n\\","<div id=\"ajaxProgressDiv1\" style=\"background: #d00; height: 2px; left: 0; margin: 0; padding: 0; position: fixed; top: 0; transition: background 0.5s, width 1.5s; width: 25%;\"></div>\\n\\","utility2-comment -->\\n\\","<h1>\\n\\","<!-- utility2-comment\\n\\","    <a\\n\\","        {{#if env.npm_package_homepage}}\\n\\","        href=\"{{env.npm_package_homepage}}\"\\n\\","        {{/if env.npm_package_homepage}}\\n\\","        target=\"_blank\"\\n\\","    >\\n\\","utility2-comment -->\\n\\","        {{env.npm_package_name}} (v{{env.npm_package_version}})\\n\\","<!-- utility2-comment\\n\\","    </a>\\n\\","utility2-comment -->\\n\\","</h1>\\n\\","<h3>{{env.npm_package_description}}</h3>\\n\\","<!-- utility2-comment\\n\\","<h4><a download href=\"assets.app.js\">download standalone app</a></h4>\\n\\","<button class=\"onclick onreset\" id=\"testRunButton1\">run internal test</button><br>\\n\\","<div id=\"testReportDiv1\" style=\"display: none;\"></div>\\n\\","utility2-comment -->\\n\\","\\n\\","\\n\\","\\n\\","<label>stderr and stdout</label>\\n\\","<textarea class=\"resettable\" id=\"outputTextareaStdout1\" readonly></textarea>\\n\\","<!-- utility2-comment\\n\\","{{#if isRollup}}\\n\\","<script src=\"assets.app.js\"></script>\\n\\","{{#unless isRollup}}\\n\\","utility2-comment -->\\n\\","<script src=\"assets.utility2.rollup.js\"></script>\\n\\","<script src=\"jsonp.utility2._stateInit?callback=window.utility2._stateInit\"></script>\\n\\","<script src=\"assets.npmtest_discord_js.rollup.js\"></script>\\n\\","<script src=\"assets.example.js\"></script>\\n\\","<script src=\"assets.test.js\"></script>\\n\\","<!-- utility2-comment\\n\\","{{/if isRollup}}\\n\\","utility2-comment -->\\n\\","<div class=\"utility2FooterDiv\">\\n\\","    [ this app was created with\\n\\","    <a href=\"https://github.com/kaizhu256/node-utility2\" target=\"_blank\">utility2</a>\\n\\","    ]\\n\\","</div>\\n\\","</body>\\n\\","</html>\\n\\","';","        /* jslint-ignore-end */","        if (local.templateRender) {","            local.assetsDict['/'] = local.templateRender(","                local.assetsDict['/assets.index.template.html'],","                {","                    env: local.objectSetDefault(local.env, {","                        npm_package_description: 'the greatest app in the world!',","                        npm_package_name: 'my-app',","                        npm_package_nameAlias: 'my_app',","                        npm_package_version: '0.0.1'","                    })","                }","            );","        } else {","            local.assetsDict['/'] = local.assetsDict['/assets.index.template.html']","                .replace((/\\{\\{env\\.(\\w+?)\\}\\}/g), function (match0, match1) {","                    // jslint-hack","                    String(match0);","                    switch (match1) {","                    case 'npm_package_description':","                        return 'the greatest app in the world!';","                    case 'npm_package_name':","                        return 'my-app';","                    case 'npm_package_nameAlias':","                        return 'my_app';","                    case 'npm_package_version':","                        return '0.0.1';","                    }","                });","        }","        // run the cli","        if (local.global.utility2_rollup || module !== require.main) {","            break;","        }","        local.assetsDict['/assets.example.js'] =","            local.assetsDict['/assets.example.js'] ||","            local.fs.readFileSync(__filename, 'utf8');","        // bug-workaround - long $npm_package_buildCustomOrg","        /* jslint-ignore-begin */","        local.assetsDict['/assets.npmtest_discord_js.rollup.js'] =","            local.assetsDict['/assets.npmtest_discord_js.rollup.js'] ||","            local.fs.readFileSync(","                local.npmtest_discord_js.__dirname + '/lib.npmtest_discord_js.js',","                'utf8'","            ).replace((/^#!/), '//');","        /* jslint-ignore-end */","        local.assetsDict['/favicon.ico'] = local.assetsDict['/favicon.ico'] || '';","        // if $npm_config_timeout_exit exists,","        // then exit this process after $npm_config_timeout_exit ms","        if (Number(process.env.npm_config_timeout_exit)) {","            setTimeout(process.exit, Number(process.env.npm_config_timeout_exit));","        }","        // start server","        if (local.global.utility2_serverHttp1) {","            break;","        }","        process.env.PORT = process.env.PORT || '8081';","        console.error('server starting on port ' + process.env.PORT);","        local.http.createServer(function (request, response) {","            request.urlParsed = local.url.parse(request.url);","            if (local.assetsDict[request.urlParsed.pathname] !== undefined) {","                response.end(local.assetsDict[request.urlParsed.pathname]);","                return;","            }","            response.statusCode = 404;","            response.end();","        }).listen(process.env.PORT);","        break;","    }","}());",""],"l":{"26":2,"28":2,"33":2,"35":2,"37":2,"38":2,"39":2,"44":1,"51":2,"55":2,"59":2,"61":2,"69":1,"70":2,"76":2,"79":2,"82":2,"83":2,"85":1,"89":2,"92":1,"93":1,"94":1,"96":1,"97":1,"100":1,"101":1,"103":1,"106":1,"108":2,"114":1,"116":1,"118":1,"123":1,"124":2,"125":2,"126":3,"127":3,"128":3,"129":3,"130":1,"133":3,"134":3,"139":3,"143":1,"144":3,"145":1,"149":1,"150":1,"158":1,"160":1,"161":1,"162":1,"164":1,"166":1,"258":1,"259":1,"271":1,"274":6,"275":6,"277":1,"279":2,"281":1,"283":2,"288":1,"289":1,"291":1,"296":1,"303":1,"306":1,"307":1,"310":1,"311":1,"313":1,"314":1,"315":1,"316":1,"317":1,"318":1,"319":1,"321":1,"322":1,"324":1}},"/home/travis/build/npmtest/node-npmtest-discord.js/node_modules/discord.js/src/index.js":{"path":"/home/travis/build/npmtest/node-npmtest-discord.js/node_modules/discord.js/src/index.js","s":{"1":24,"2":0,"3":0},"b":{"1":[0,0]},"f":{},"fnMap":{},"statementMap":{"1":{"start":{"line":1,"column":0},"end":{"line":45,"column":2}},"2":{"start":{"line":47,"column":0},"end":{"line":47,"column":67}},"3":{"start":{"line":47,"column":35},"end":{"line":47,"column":67}}},"branchMap":{"1":{"line":47,"type":"if","locations":[{"start":{"line":47,"column":0},"end":{"line":47,"column":0}},{"start":{"line":47,"column":0},"end":{"line":47,"column":0}}]}},"code":["module.exports = {","  Client: require('./client/Client'),","  WebhookClient: require('./client/WebhookClient'),","  Shard: require('./sharding/Shard'),","  ShardClientUtil: require('./sharding/ShardClientUtil'),","  ShardingManager: require('./sharding/ShardingManager'),","","  Collection: require('./util/Collection'),","  splitMessage: require('./util/SplitMessage'),","  escapeMarkdown: require('./util/EscapeMarkdown'),","  fetchRecommendedShards: require('./util/FetchRecommendedShards'),","","  Channel: require('./structures/Channel'),","  ClientOAuth2Application: require('./structures/ClientOAuth2Application'),","  ClientUser: require('./structures/ClientUser'),","  DMChannel: require('./structures/DMChannel'),","  Emoji: require('./structures/Emoji'),","  EvaluatedPermissions: require('./structures/EvaluatedPermissions'),","  Game: require('./structures/Presence').Game,","  GroupDMChannel: require('./structures/GroupDMChannel'),","  Guild: require('./structures/Guild'),","  GuildChannel: require('./structures/GuildChannel'),","  GuildMember: require('./structures/GuildMember'),","  Invite: require('./structures/Invite'),","  Message: require('./structures/Message'),","  MessageAttachment: require('./structures/MessageAttachment'),","  MessageCollector: require('./structures/MessageCollector'),","  MessageEmbed: require('./structures/MessageEmbed'),","  MessageReaction: require('./structures/MessageReaction'),","  OAuth2Application: require('./structures/OAuth2Application'),","  PartialGuild: require('./structures/PartialGuild'),","  PartialGuildChannel: require('./structures/PartialGuildChannel'),","  PermissionOverwrites: require('./structures/PermissionOverwrites'),","  Presence: require('./structures/Presence').Presence,","  ReactionEmoji: require('./structures/ReactionEmoji'),","  RichEmbed: require('./structures/RichEmbed'),","  Role: require('./structures/Role'),","  TextChannel: require('./structures/TextChannel'),","  User: require('./structures/User'),","  VoiceChannel: require('./structures/VoiceChannel'),","  Webhook: require('./structures/Webhook'),","","  version: require('../package').version,","  Constants: require('./util/Constants'),","};","","if (typeof window !== 'undefined') window.Discord = module.exports; // eslint-disable-line no-undef",""],"l":{"1":24,"47":0}},"/home/travis/build/npmtest/node-npmtest-discord.js/node_modules/discord.js/src/client/Client.js":{"path":"/home/travis/build/npmtest/node-npmtest-discord.js/node_modules/discord.js/src/client/Client.js","s":{"1":26,"2":26,"3":26,"4":26,"5":0,"6":0,"7":0,"8":0,"9":0,"10":0,"11":0,"12":0,"13":0,"14":0,"15":0,"16":0,"17":0,"18":0,"19":0,"20":0,"21":0,"22":0,"23":0,"24":0,"25":0,"26":0,"27":0,"28":0,"29":0,"30":0,"31":0,"32":0,"33":0,"34":0,"35":0,"36":0,"37":0,"38":0,"39":0,"40":0,"41":0,"42":0,"43":0,"44":0,"45":0,"46":0,"47":0,"48":0,"49":0,"50":0,"51":0,"52":0,"53":0,"54":0,"55":0,"56":0,"57":0,"58":0,"59":0,"60":0,"61":0,"62":0,"63":0,"64":0,"65":0,"66":0,"67":0,"68":0,"69":0,"70":0,"71":0,"72":0,"73":0,"74":0,"75":0,"76":0,"77":0,"78":0,"79":0,"80":0,"81":0,"82":0,"83":0,"84":0,"85":0,"86":0,"87":0,"88":0,"89":0,"90":0,"91":0,"92":0,"93":0,"94":0,"95":0,"96":0,"97":0,"98":0,"99":0,"100":0,"101":0,"102":0,"103":0,"104":0,"105":0,"106":0,"107":0,"108":0,"109":0,"110":0,"111":0,"112":0,"113":0,"114":0,"115":0,"116":0,"117":0,"118":0,"119":0,"120":0,"121":0,"122":0,"123":0,"124":0,"125":0,"126":0,"127":0,"128":0,"129":0,"130":0,"131":0,"132":0,"133":0,"134":0,"135":0,"136":0,"137":0,"138":0,"139":0,"140":0,"141":0,"142":0,"143":0,"144":0,"145":0,"146":0,"147":0,"148":0,"149":0},"b":{"1":[0,0],"2":[0,0],"3":[0,0],"4":[0,0],"5":[0,0],"6":[0,0],"7":[0,0],"8":[0,0],"9":[0,0],"10":[0,0],"11":[0,0],"12":[0,0],"13":[0,0],"14":[0,0],"15":[0,0],"16":[0,0],"17":[0,0],"18":[0,0],"19":[0,0],"20":[0,0],"21":[0,0],"22":[0,0],"23":[0,0],"24":[0,0],"25":[0,0],"26":[0,0],"27":[0,0],"28":[0,0],"29":[0,0],"30":[0,0],"31":[0,0],"32":[0,0],"33":[0,0],"34":[0,0],"35":[0,0],"36":[0,0],"37":[0,0],"38":[0,0],"39":[0,0],"40":[0,0],"41":[0,0],"42":[0,0],"43":[0,0],"44":[0,0],"45":[0,0]},"f":{"1":0,"2":0,"3":0,"4":0,"5":0,"6":0,"7":0,"8":0,"9":0,"10":0,"11":0,"12":0,"13":0,"14":0,"15":0,"16":0,"17":0,"18":0,"19":0,"20":0,"21":0,"22":0,"23":0,"24":0,"25":0},"fnMap":{"1":{"name":"(anonymous_1)","line":23,"loc":{"start":{"line":23,"column":13},"end":{"line":23,"column":28}}},"2":{"name":"(anonymous_2)","line":159,"loc":{"start":{"line":159,"column":12},"end":{"line":159,"column":15}}},"3":{"name":"(anonymous_3)","line":168,"loc":{"start":{"line":168,"column":12},"end":{"line":168,"column":15}}},"4":{"name":"(anonymous_4)","line":177,"loc":{"start":{"line":177,"column":10},"end":{"line":177,"column":13}}},"5":{"name":"(anonymous_5)","line":186,"loc":{"start":{"line":186,"column":22},"end":{"line":186,"column":25}}},"6":{"name":"(anonymous_6)","line":196,"loc":{"start":{"line":196,"column":12},"end":{"line":196,"column":15}}},"7":{"name":"(anonymous_7)","line":209,"loc":{"start":{"line":209,"column":20},"end":{"line":209,"column":23}}},"8":{"name":"(anonymous_8)","line":218,"loc":{"start":{"line":218,"column":13},"end":{"line":218,"column":16}}},"9":{"name":"(anonymous_9)","line":239,"loc":{"start":{"line":239,"column":7},"end":{"line":239,"column":15}}},"10":{"name":"(anonymous_10)","line":247,"loc":{"start":{"line":247,"column":9},"end":{"line":247,"column":12}}},"11":{"name":"(anonymous_11)","line":261,"loc":{"start":{"line":261,"column":12},"end":{"line":261,"column":35}}},"12":{"name":"(anonymous_12)","line":275,"loc":{"start":{"line":275,"column":11},"end":{"line":275,"column":16}}},"13":{"name":"(anonymous_13)","line":285,"loc":{"start":{"line":285,"column":13},"end":{"line":285,"column":22}}},"14":{"name":"(anonymous_14)","line":296,"loc":{"start":{"line":296,"column":14},"end":{"line":296,"column":26}}},"15":{"name":"(anonymous_15)","line":308,"loc":{"start":{"line":308,"column":15},"end":{"line":308,"column":62}}},"16":{"name":"(anonymous_16)","line":341,"loc":{"start":{"line":341,"column":18},"end":{"line":341,"column":21}}},"17":{"name":"(anonymous_17)","line":356,"loc":{"start":{"line":356,"column":16},"end":{"line":356,"column":30}}},"18":{"name":"(anonymous_18)","line":374,"loc":{"start":{"line":374,"column":12},"end":{"line":374,"column":33}}},"19":{"name":"(anonymous_19)","line":387,"loc":{"start":{"line":387,"column":14},"end":{"line":387,"column":24}}},"20":{"name":"(anonymous_20)","line":399,"loc":{"start":{"line":399,"column":13},"end":{"line":399,"column":34}}},"21":{"name":"(anonymous_21)","line":409,"loc":{"start":{"line":409,"column":15},"end":{"line":409,"column":26}}},"22":{"name":"(anonymous_22)","line":414,"loc":{"start":{"line":414,"column":7},"end":{"line":414,"column":19}}},"23":{"name":"(anonymous_23)","line":420,"loc":{"start":{"line":420,"column":14},"end":{"line":420,"column":29}}},"24":{"name":"(anonymous_24)","line":428,"loc":{"start":{"line":428,"column":7},"end":{"line":428,"column":16}}},"25":{"name":"(anonymous_25)","line":432,"loc":{"start":{"line":432,"column":18},"end":{"line":432,"column":43}}}},"statementMap":{"1":{"start":{"line":1,"column":0},"end":{"line":1,"column":52}},"2":{"start":{"line":2,"column":0},"end":{"line":2,"column":53}},"3":{"start":{"line":3,"column":0},"end":{"line":3,"column":47}},"4":{"start":{"line":4,"column":0},"end":{"line":4,"column":50}},"5":{"start":{"line":5,"column":0},"end":{"line":5,"column":57}},"6":{"start":{"line":6,"column":0},"end":{"line":6,"column":49}},"7":{"start":{"line":7,"column":0},"end":{"line":7,"column":59}},"8":{"start":{"line":8,"column":0},"end":{"line":8,"column":65}},"9":{"start":{"line":9,"column":0},"end":{"line":9,"column":65}},"10":{"start":{"line":10,"column":0},"end":{"line":10,"column":59}},"11":{"start":{"line":11,"column":0},"end":{"line":11,"column":49}},"12":{"start":{"line":12,"column":0},"end":{"line":12,"column":60}},"13":{"start":{"line":13,"column":0},"end":{"line":13,"column":63}},"14":{"start":{"line":24,"column":4},"end":{"line":24,"column":12}},"15":{"start":{"line":27,"column":4},"end":{"line":27,"column":102}},"16":{"start":{"line":27,"column":55},"end":{"line":27,"column":102}},"17":{"start":{"line":28,"column":4},"end":{"line":28,"column":114}},"18":{"start":{"line":28,"column":61},"end":{"line":28,"column":114}},"19":{"start":{"line":34,"column":4},"end":{"line":34,"column":67}},"20":{"start":{"line":35,"column":4},"end":{"line":35,"column":28}},"21":{"start":{"line":42,"column":4},"end":{"line":42,"column":38}},"22":{"start":{"line":49,"column":4},"end":{"line":49,"column":51}},"23":{"start":{"line":56,"column":4},"end":{"line":56,"column":43}},"24":{"start":{"line":63,"column":4},"end":{"line":63,"column":41}},"25":{"start":{"line":70,"column":4},"end":{"line":70,"column":49}},"26":{"start":{"line":77,"column":4},"end":{"line":77,"column":44}},"27":{"start":{"line":84,"column":4},"end":{"line":84,"column":69}},"28":{"start":{"line":90,"column":4},"end":{"line":90,"column":71}},"29":{"start":{"line":96,"column":4},"end":{"line":96,"column":34}},"30":{"start":{"line":102,"column":4},"end":{"line":102,"column":35}},"31":{"start":{"line":108,"column":4},"end":{"line":108,"column":37}},"32":{"start":{"line":115,"column":4},"end":{"line":115,"column":38}},"33":{"start":{"line":117,"column":4},"end":{"line":125,"column":5}},"34":{"start":{"line":122,"column":6},"end":{"line":122,"column":44}},"35":{"start":{"line":124,"column":6},"end":{"line":124,"column":24}},"36":{"start":{"line":131,"column":4},"end":{"line":131,"column":21}},"37":{"start":{"line":137,"column":4},"end":{"line":137,"column":24}},"38":{"start":{"line":143,"column":4},"end":{"line":143,"column":20}},"39":{"start":{"line":145,"column":4},"end":{"line":145,"column":28}},"40":{"start":{"line":146,"column":4},"end":{"line":146,"column":31}},"41":{"start":{"line":147,"column":4},"end":{"line":147,"column":32}},"42":{"start":{"line":149,"column":4},"end":{"line":151,"column":5}},"43":{"start":{"line":150,"column":6},"end":{"line":150,"column":96}},"44":{"start":{"line":160,"column":4},"end":{"line":160,"column":26}},"45":{"start":{"line":169,"column":4},"end":{"line":169,"column":59}},"46":{"start":{"line":178,"column":4},"end":{"line":178,"column":75}},"47":{"start":{"line":178,"column":42},"end":{"line":178,"column":50}},"48":{"start":{"line":187,"column":4},"end":{"line":187,"column":46}},"49":{"start":{"line":187,"column":22},"end":{"line":187,"column":46}},"50":{"start":{"line":188,"column":4},"end":{"line":188,"column":34}},"51":{"start":{"line":197,"column":4},"end":{"line":197,"column":36}},"52":{"start":{"line":198,"column":4},"end":{"line":200,"column":5}},"53":{"start":{"line":199,"column":6},"end":{"line":199,"column":77}},"54":{"start":{"line":199,"column":49},"end":{"line":199,"column":77}},"55":{"start":{"line":201,"column":4},"end":{"line":201,"column":18}},"56":{"start":{"line":210,"column":4},"end":{"line":210,"column":56}},"57":{"start":{"line":219,"column":4},"end":{"line":219,"column":41}},"58":{"start":{"line":240,"column":4},"end":{"line":240,"column":42}},"59":{"start":{"line":248,"column":4},"end":{"line":248,"column":52}},"60":{"start":{"line":248,"column":36},"end":{"line":248,"column":52}},"61":{"start":{"line":249,"column":4},"end":{"line":249,"column":54}},"62":{"start":{"line":249,"column":37},"end":{"line":249,"column":54}},"63":{"start":{"line":250,"column":4},"end":{"line":250,"column":27}},"64":{"start":{"line":251,"column":4},"end":{"line":251,"column":28}},"65":{"start":{"line":252,"column":4},"end":{"line":252,"column":34}},"66":{"start":{"line":262,"column":4},"end":{"line":262,"column":30}},"67":{"start":{"line":262,"column":23},"end":{"line":262,"column":30}},"68":{"start":{"line":263,"column":4},"end":{"line":266,"column":7}},"69":{"start":{"line":265,"column":76},"end":{"line":265,"column":80}},"70":{"start":{"line":276,"column":4},"end":{"line":276,"column":71}},"71":{"start":{"line":276,"column":28},"end":{"line":276,"column":71}},"72":{"start":{"line":277,"column":4},"end":{"line":277,"column":41}},"73":{"start":{"line":286,"column":4},"end":{"line":286,"column":57}},"74":{"start":{"line":287,"column":4},"end":{"line":287,"column":45}},"75":{"start":{"line":297,"column":4},"end":{"line":297,"column":51}},"76":{"start":{"line":309,"column":4},"end":{"line":309,"column":111}},"77":{"start":{"line":309,"column":57},"end":{"line":309,"column":111}},"78":{"start":{"line":310,"column":4},"end":{"line":313,"column":5}},"79":{"start":{"line":311,"column":6},"end":{"line":311,"column":75}},"80":{"start":{"line":312,"column":6},"end":{"line":312,"column":16}},"81":{"start":{"line":315,"column":4},"end":{"line":315,"column":39}},"82":{"start":{"line":316,"column":4},"end":{"line":316,"column":27}},"83":{"start":{"line":317,"column":4},"end":{"line":317,"column":21}},"84":{"start":{"line":318,"column":4},"end":{"line":318,"column":21}},"85":{"start":{"line":320,"column":4},"end":{"line":330,"column":5}},"86":{"start":{"line":321,"column":6},"end":{"line":321,"column":38}},"87":{"start":{"line":321,"column":29},"end":{"line":321,"column":38}},"88":{"start":{"line":322,"column":6},"end":{"line":322,"column":17}},"89":{"start":{"line":324,"column":6},"end":{"line":329,"column":7}},"90":{"start":{"line":325,"column":8},"end":{"line":328,"column":9}},"91":{"start":{"line":326,"column":10},"end":{"line":326,"column":46}},"92":{"start":{"line":327,"column":10},"end":{"line":327,"column":21}},"93":{"start":{"line":332,"column":4},"end":{"line":332,"column":119}},"94":{"start":{"line":333,"column":4},"end":{"line":333,"column":20}},"95":{"start":{"line":342,"column":4},"end":{"line":342,"column":73}},"96":{"start":{"line":342,"column":24},"end":{"line":342,"column":73}},"97":{"start":{"line":343,"column":4},"end":{"line":343,"column":48}},"98":{"start":{"line":357,"column":4},"end":{"line":361,"column":5}},"99":{"start":{"line":358,"column":6},"end":{"line":358,"column":100}},"100":{"start":{"line":358,"column":40},"end":{"line":358,"column":100}},"101":{"start":{"line":360,"column":6},"end":{"line":360,"column":22}},"102":{"start":{"line":362,"column":4},"end":{"line":364,"column":6}},"103":{"start":{"line":363,"column":6},"end":{"line":363,"column":112}},"104":{"start":{"line":375,"column":4},"end":{"line":378,"column":23}},"105":{"start":{"line":376,"column":6},"end":{"line":376,"column":11}},"106":{"start":{"line":377,"column":6},"end":{"line":377,"column":37}},"107":{"start":{"line":379,"column":4},"end":{"line":379,"column":32}},"108":{"start":{"line":380,"column":4},"end":{"line":380,"column":19}},"109":{"start":{"line":388,"column":4},"end":{"line":388,"column":26}},"110":{"start":{"line":389,"column":4},"end":{"line":389,"column":35}},"111":{"start":{"line":400,"column":4},"end":{"line":400,"column":53}},"112":{"start":{"line":401,"column":4},"end":{"line":401,"column":34}},"113":{"start":{"line":402,"column":4},"end":{"line":402,"column":20}},"114":{"start":{"line":410,"column":4},"end":{"line":410,"column":28}},"115":{"start":{"line":411,"column":4},"end":{"line":411,"column":37}},"116":{"start":{"line":415,"column":4},"end":{"line":415,"column":47}},"117":{"start":{"line":416,"column":4},"end":{"line":416,"column":53}},"118":{"start":{"line":416,"column":31},"end":{"line":416,"column":53}},"119":{"start":{"line":417,"column":4},"end":{"line":417,"column":36}},"120":{"start":{"line":421,"column":4},"end":{"line":424,"column":5}},"121":{"start":{"line":422,"column":6},"end":{"line":422,"column":46}},"122":{"start":{"line":423,"column":6},"end":{"line":423,"column":13}},"123":{"start":{"line":425,"column":4},"end":{"line":425,"column":51}},"124":{"start":{"line":429,"column":4},"end":{"line":429,"column":24}},"125":{"start":{"line":433,"column":4},"end":{"line":435,"column":5}},"126":{"start":{"line":434,"column":6},"end":{"line":434,"column":69}},"127":{"start":{"line":436,"column":4},"end":{"line":438,"column":5}},"128":{"start":{"line":437,"column":6},"end":{"line":437,"column":66}},"129":{"start":{"line":439,"column":4},"end":{"line":439,"column":98}},"130":{"start":{"line":439,"column":32},"end":{"line":439,"column":98}},"131":{"start":{"line":440,"column":4},"end":{"line":440,"column":92}},"132":{"start":{"line":440,"column":29},"end":{"line":440,"column":92}},"133":{"start":{"line":441,"column":4},"end":{"line":443,"column":5}},"134":{"start":{"line":442,"column":6},"end":{"line":442,"column":79}},"135":{"start":{"line":444,"column":4},"end":{"line":446,"column":5}},"136":{"start":{"line":445,"column":6},"end":{"line":445,"column":78}},"137":{"start":{"line":447,"column":4},"end":{"line":449,"column":5}},"138":{"start":{"line":448,"column":6},"end":{"line":448,"column":79}},"139":{"start":{"line":450,"column":4},"end":{"line":452,"column":5}},"140":{"start":{"line":451,"column":6},"end":{"line":451,"column":79}},"141":{"start":{"line":453,"column":4},"end":{"line":455,"column":5}},"142":{"start":{"line":454,"column":6},"end":{"line":454,"column":75}},"143":{"start":{"line":456,"column":4},"end":{"line":458,"column":5}},"144":{"start":{"line":457,"column":6},"end":{"line":457,"column":75}},"145":{"start":{"line":459,"column":4},"end":{"line":461,"column":5}},"146":{"start":{"line":460,"column":6},"end":{"line":460,"column":78}},"147":{"start":{"line":462,"column":4},"end":{"line":462,"column":119}},"148":{"start":{"line":462,"column":52},"end":{"line":462,"column":119}},"149":{"start":{"line":466,"column":0},"end":{"line":466,"column":24}}},"branchMap":{"1":{"line":27,"type":"if","locations":[{"start":{"line":27,"column":4},"end":{"line":27,"column":4}},{"start":{"line":27,"column":4},"end":{"line":27,"column":4}}]},"2":{"line":27,"type":"binary-expr","locations":[{"start":{"line":27,"column":8},"end":{"line":27,"column":24}},{"start":{"line":27,"column":28},"end":{"line":27,"column":53}}]},"3":{"line":28,"type":"if","locations":[{"start":{"line":28,"column":4},"end":{"line":28,"column":4}},{"start":{"line":28,"column":4},"end":{"line":28,"column":4}}]},"4":{"line":28,"type":"binary-expr","locations":[{"start":{"line":28,"column":8},"end":{"line":28,"column":27}},{"start":{"line":28,"column":31},"end":{"line":28,"column":59}}]},"5":{"line":84,"type":"cond-expr","locations":[{"start":{"line":84,"column":33},"end":{"line":84,"column":61}},{"start":{"line":84,"column":64},"end":{"line":84,"column":68}}]},"6":{"line":90,"type":"cond-expr","locations":[{"start":{"line":90,"column":32},"end":{"line":90,"column":63}},{"start":{"line":90,"column":66},"end":{"line":90,"column":70}}]},"7":{"line":117,"type":"if","locations":[{"start":{"line":117,"column":4},"end":{"line":117,"column":4}},{"start":{"line":117,"column":4},"end":{"line":117,"column":4}}]},"8":{"line":117,"type":"binary-expr","locations":[{"start":{"line":117,"column":8},"end":{"line":117,"column":19}},{"start":{"line":117,"column":23},"end":{"line":117,"column":52}}]},"9":{"line":149,"type":"if","locations":[{"start":{"line":149,"column":4},"end":{"line":149,"column":4}},{"start":{"line":149,"column":4},"end":{"line":149,"column":4}}]},"10":{"line":169,"type":"cond-expr","locations":[{"start":{"line":169,"column":26},"end":{"line":169,"column":51}},{"start":{"line":169,"column":54},"end":{"line":169,"column":58}}]},"11":{"line":187,"type":"if","locations":[{"start":{"line":187,"column":4},"end":{"line":187,"column":4}},{"start":{"line":187,"column":4},"end":{"line":187,"column":4}}]},"12":{"line":210,"type":"cond-expr","locations":[{"start":{"line":210,"column":26},"end":{"line":210,"column":48}},{"start":{"line":210,"column":51},"end":{"line":210,"column":55}}]},"13":{"line":262,"type":"if","locations":[{"start":{"line":262,"column":4},"end":{"line":262,"column":4}},{"start":{"line":262,"column":4},"end":{"line":262,"column":4}}]},"14":{"line":265,"type":"cond-expr","locations":[{"start":{"line":265,"column":40},"end":{"line":265,"column":57}},{"start":{"line":265,"column":60},"end":{"line":265,"column":81}}]},"15":{"line":276,"type":"if","locations":[{"start":{"line":276,"column":4},"end":{"line":276,"column":4}},{"start":{"line":276,"column":4},"end":{"line":276,"column":4}}]},"16":{"line":309,"type":"if","locations":[{"start":{"line":309,"column":4},"end":{"line":309,"column":4}},{"start":{"line":309,"column":4},"end":{"line":309,"column":4}}]},"17":{"line":309,"type":"binary-expr","locations":[{"start":{"line":309,"column":8},"end":{"line":309,"column":36}},{"start":{"line":309,"column":40},"end":{"line":309,"column":55}}]},"18":{"line":310,"type":"if","locations":[{"start":{"line":310,"column":4},"end":{"line":310,"column":4}},{"start":{"line":310,"column":4},"end":{"line":310,"column":4}}]},"19":{"line":321,"type":"if","locations":[{"start":{"line":321,"column":6},"end":{"line":321,"column":6}},{"start":{"line":321,"column":6},"end":{"line":321,"column":6}}]},"20":{"line":325,"type":"if","locations":[{"start":{"line":325,"column":8},"end":{"line":325,"column":8}},{"start":{"line":325,"column":8},"end":{"line":325,"column":8}}]},"21":{"line":325,"type":"binary-expr","locations":[{"start":{"line":325,"column":19},"end":{"line":325,"column":42}},{"start":{"line":325,"column":46},"end":{"line":325,"column":70}}]},"22":{"line":342,"type":"if","locations":[{"start":{"line":342,"column":4},"end":{"line":342,"column":4}},{"start":{"line":342,"column":4},"end":{"line":342,"column":4}}]},"23":{"line":357,"type":"if","locations":[{"start":{"line":357,"column":4},"end":{"line":357,"column":4}},{"start":{"line":357,"column":4},"end":{"line":357,"column":4}}]},"24":{"line":358,"type":"if","locations":[{"start":{"line":358,"column":6},"end":{"line":358,"column":6}},{"start":{"line":358,"column":6},"end":{"line":358,"column":6}}]},"25":{"line":416,"type":"if","locations":[{"start":{"line":416,"column":4},"end":{"line":416,"column":4}},{"start":{"line":416,"column":4},"end":{"line":416,"column":4}}]},"26":{"line":421,"type":"if","locations":[{"start":{"line":421,"column":4},"end":{"line":421,"column":4}},{"start":{"line":421,"column":4},"end":{"line":421,"column":4}}]},"27":{"line":433,"type":"if","locations":[{"start":{"line":433,"column":4},"end":{"line":433,"column":4}},{"start":{"line":433,"column":4},"end":{"line":433,"column":4}}]},"28":{"line":433,"type":"binary-expr","locations":[{"start":{"line":433,"column":8},"end":{"line":433,"column":46}},{"start":{"line":433,"column":50},"end":{"line":433,"column":75}}]},"29":{"line":436,"type":"if","locations":[{"start":{"line":436,"column":4},"end":{"line":436,"column":4}},{"start":{"line":436,"column":4},"end":{"line":436,"column":4}}]},"30":{"line":436,"type":"binary-expr","locations":[{"start":{"line":436,"column":8},"end":{"line":436,"column":43}},{"start":{"line":436,"column":47},"end":{"line":436,"column":69}}]},"31":{"line":439,"type":"if","locations":[{"start":{"line":439,"column":4},"end":{"line":439,"column":4}},{"start":{"line":439,"column":4},"end":{"line":439,"column":4}}]},"32":{"line":440,"type":"if","locations":[{"start":{"line":440,"column":4},"end":{"line":440,"column":4}},{"start":{"line":440,"column":4},"end":{"line":440,"column":4}}]},"33":{"line":441,"type":"if","locations":[{"start":{"line":441,"column":4},"end":{"line":441,"column":4}},{"start":{"line":441,"column":4},"end":{"line":441,"column":4}}]},"34":{"line":441,"type":"binary-expr","locations":[{"start":{"line":441,"column":8},"end":{"line":441,"column":29}},{"start":{"line":441,"column":33},"end":{"line":441,"column":70}}]},"35":{"line":444,"type":"if","locations":[{"start":{"line":444,"column":4},"end":{"line":444,"column":4}},{"start":{"line":444,"column":4},"end":{"line":444,"column":4}}]},"36":{"line":444,"type":"binary-expr","locations":[{"start":{"line":444,"column":8},"end":{"line":444,"column":55}},{"start":{"line":444,"column":59},"end":{"line":444,"column":93}}]},"37":{"line":447,"type":"if","locations":[{"start":{"line":447,"column":4},"end":{"line":447,"column":4}},{"start":{"line":447,"column":4},"end":{"line":447,"column":4}}]},"38":{"line":447,"type":"binary-expr","locations":[{"start":{"line":447,"column":8},"end":{"line":447,"column":56}},{"start":{"line":447,"column":60},"end":{"line":447,"column":95}}]},"39":{"line":450,"type":"if","locations":[{"start":{"line":450,"column":4},"end":{"line":450,"column":4}},{"start":{"line":450,"column":4},"end":{"line":450,"column":4}}]},"40":{"line":450,"type":"binary-expr","locations":[{"start":{"line":450,"column":8},"end":{"line":450,"column":56}},{"start":{"line":450,"column":60},"end":{"line":450,"column":95}}]},"41":{"line":453,"type":"if","locations":[{"start":{"line":453,"column":4},"end":{"line":453,"column":4}},{"start":{"line":453,"column":4},"end":{"line":453,"column":4}}]},"42":{"line":456,"type":"if","locations":[{"start":{"line":456,"column":4},"end":{"line":456,"column":4}},{"start":{"line":456,"column":4},"end":{"line":456,"column":4}}]},"43":{"line":459,"type":"if","locations":[{"start":{"line":459,"column":4},"end":{"line":459,"column":4}},{"start":{"line":459,"column":4},"end":{"line":459,"column":4}}]},"44":{"line":459,"type":"binary-expr","locations":[{"start":{"line":459,"column":8},"end":{"line":459,"column":55}},{"start":{"line":459,"column":59},"end":{"line":459,"column":93}}]},"45":{"line":462,"type":"if","locations":[{"start":{"line":462,"column":4},"end":{"line":462,"column":4}},{"start":{"line":462,"column":4},"end":{"line":462,"column":4}}]}},"code":["const EventEmitter = require('events').EventEmitter;","const mergeDefault = require('../util/MergeDefault');","const Constants = require('../util/Constants');","const RESTManager = require('./rest/RESTManager');","const ClientDataManager = require('./ClientDataManager');","const ClientManager = require('./ClientManager');","const ClientDataResolver = require('./ClientDataResolver');","const ClientVoiceManager = require('./voice/ClientVoiceManager');","const WebSocketManager = require('./websocket/WebSocketManager');","const ActionsManager = require('./actions/ActionsManager');","const Collection = require('../util/Collection');","const Presence = require('../structures/Presence').Presence;","const ShardClientUtil = require('../sharding/ShardClientUtil');","","/**"," * The starting point for making a Discord Bot."," * @extends {EventEmitter}"," */","class Client extends EventEmitter {","  /**","   * @param {ClientOptions} [options] Options for the client","   */","  constructor(options = {}) {","    super();","","    // Obtain shard details from environment","    if (!options.shardId && 'SHARD_ID' in process.env) options.shardId = Number(process.env.SHARD_ID);","    if (!options.shardCount && 'SHARD_COUNT' in process.env) options.shardCount = Number(process.env.SHARD_COUNT);","","    /**","     * The options the client was instantiated with","     * @type {ClientOptions}","     */","    this.options = mergeDefault(Constants.DefaultOptions, options);","    this._validateOptions();","","    /**","     * The REST manager of the client","     * @type {RESTManager}","     * @private","     */","    this.rest = new RESTManager(this);","","    /**","     * The data manager of the Client","     * @type {ClientDataManager}","     * @private","     */","    this.dataManager = new ClientDataManager(this);","","    /**","     * The manager of the Client","     * @type {ClientManager}","     * @private","     */","    this.manager = new ClientManager(this);","","    /**","     * The WebSocket Manager of the Client","     * @type {WebSocketManager}","     * @private","     */","    this.ws = new WebSocketManager(this);","","    /**","     * The Data Resolver of the Client","     * @type {ClientDataResolver}","     * @private","     */","    this.resolver = new ClientDataResolver(this);","","    /**","     * The Action Manager of the Client","     * @type {ActionsManager}","     * @private","     */","    this.actions = new ActionsManager(this);","","    /**","     * The Voice Manager of the Client (`null` in browsers)","     * @type {?ClientVoiceManager}","     * @private","     */","    this.voice = !this.browser ? new ClientVoiceManager(this) : null;","","    /**","     * The shard helpers for the client (only if the process was spawned as a child, such as from a ShardingManager)","     * @type {?ShardClientUtil}","     */","    this.shard = process.send ? ShardClientUtil.singleton(this) : null;","","    /**","     * A collection of the Client's stored users","     * @type {Collection<string, User>}","     */","    this.users = new Collection();","","    /**","     * A collection of the Client's stored guilds","     * @type {Collection<string, Guild>}","     */","    this.guilds = new Collection();","","    /**","     * A collection of the Client's stored channels","     * @type {Collection<string, Channel>}","     */","    this.channels = new Collection();","","    /**","     * A collection of presences for friends of the logged in user.","     * <warn>This is only filled when using a user account.</warn>","     * @type {Collection<string, Presence>}","     */","    this.presences = new Collection();","","    if (!this.token && 'CLIENT_TOKEN' in process.env) {","      /**","       * The authorization token for the logged in user/bot.","       * @t
[...]
);","    this.type = 'text';","    this.messages = new Collection();","    this._typing = new Map();","  }","","  setup(data) {","    super.setup(data);","","    /**","     * The topic of the text channel, if there is one.","     * @type {?string}","     */","    this.topic = data.topic;","","    this.lastMessageID = data.last_message_id;","  }","","  /**","   * A collection of members that can see this channel, mapped by their ID.","   * @type {Collection<string, GuildMember>}","   * @readonly","   */","  get members() {","    const members = new Collection();","    for (const member of this.guild.members.values()) {","      if (this.permissionsFor(member).hasPermission('READ_MESSAGES')) {","        members.set(member.id, member);","      }","    }","    return members;","  }","","  /**","   * Fetch all webhooks for the channel.","   * @returns {Promise<Collection<string, Webhook>>}","   */","  fetchWebhooks() {","    return this.client.rest.methods.getChannelWebhooks(this);","  }","","  /**","   * Create a webhook for the channel.","   * @param {string} name The name of the webhook.","   * @param {BufferResolvable} avatar The avatar for the webhook.","   * @returns {Promise<Webhook>} webhook The created webhook.","   * @example","   * channel.createWebhook('Snek', 'http://snek.s3.amazonaws.com/topSnek.png')","   *  .then(webhook => console.log(`Created Webhook ${webhook}`))","   *  .catch(console.error)","   */","  createWebhook(name, avatar) {","    return new Promise(resolve => {","      if (avatar.startsWith('data:')) {","        resolve(this.client.rest.methods.createWebhook(this, name, avatar));","      } else {","        this.client.resolver.resolveBuffer(avatar).then(data =>","           resolve(this.client.rest.methods.createWebhook(this, name, data))","        );","      }","    });","  }","","  // These are here only for documentation purposes - they are implemented by TextBasedChannel","  send() { return; }","  sendMessage() { return; }","  sendEmbed() { return; }","  sendFile() { return; }","  sendCode() { return; }","  fetchMessage() { return; }","  fetchMessages() { return; }","  fetchPinnedMessages() { return; }","  startTyping() { return; }","  stopTyping() { return; }","  get typing() { return; }","  get typingCount() { return; }","  createCollector() { return; }","  awaitMessages() { return; }","  bulkDelete() { return; }","  _cacheMessage() { return; }","}","","TextBasedChannel.applyToClass(TextChannel, true);","","module.exports = TextChannel;",""],"l":{"1":2,"2":2,"3":0,"12":0,"13":0,"14":0,"15":0,"19":0,"25":0,"27":0,"36":0,"37":0,"38":0,"39":0,"42":0,"50":0,"64":0,"65":0,"66":0,"68":0,"69":0,"76":0,"77":0,"78":0,"79":0,"80":0,"81":0,"82":0,"83":0,"84":0,"85":0,"86":0,"87":0,"88":0,"89":0,"90":0,"91":0,"94":0,"96":0}},"/home/travis/build/npmtest/node-npmtest-discord.js/node_modules/discord.js/src/structures/UserConnection.js":{"path":"/home/travis/build/npmtest/node-npmtest-discord.js/node_modules/discord.js/src/structures/UserConnection.js","s":{"1":0,"2":0,"3":0,"4":0,"5":0,"6":0,"7":0,"8":1},"b":{},"f":{"1":0,"2":0},"fnMap":{"1":{"name":"(anonymous_1)","line":5,"loc":{"start":{"line":5,"column":13},"end":{"line":5,"column":26}}},"2":{"name":"(anonymous_2)","line":15,"loc":{"start":{"line":15,"column":7},"end":{"line":15,"column":14}}}},"statementMap":{"1":{"start":{"line":10,"column":4},"end":{"line":10,"column":21}},"2":{"start":{"line":12,"column":4},"end":{"line":12,"column":21}},"3":{"start":{"line":20,"column":4},"end":{"line":20,"column":26}},"4":{"start":{"line":26,"column":4},"end":{"line":26,"column":26}},"5":{"start":{"line":32,"column":4},"end":{"line":32,"column":22}},"6":{"start":{"line":38,"column":4},"end":{"line":38,"column":32}},"7":{"start":{"line":44,"column":4},"end":{"line":44,"column":42}},"8":{"start":{"line":48,"column":0},"end":{"line":48,"column":32}}},"branchMap":{},"code":["/**"," * Represents a user connection (or \"platform identity\")"," */","class UserConnection {","  constructor(user, data) {","    /**","     * The user that owns the Connection","     * @type {User}","     */","    this.user = user;","","    this.setup(data);","  }","","  setup(data) {","    /**","     * The type of the Connection","     * @type {string}","     */","    this.type = data.type;","","    /**","     * The username of the connection account","     * @type {string}","     */","    this.name = data.name;","","    /**","     * The id of the connection account","     * @type {string}","     */","    this.id = data.id;","","    /**","     * Whether the connection is revoked","     * @type {boolean}","     */","    this.revoked = data.revoked;","","    /**","     * an array of partial server integrations (not yet implemented in this lib)","     * @type {Object[]}","     */","    this.integrations = data.integrations;","  }","}","","module.exports = UserConnection;",""],"l":{"10":0,"12":0,"20":0,"26":0,"32":0,"38":0,"44":0,"48":1}},"/home/travis/build/npmtest/node-npmtest-discord.js/node_modules/discord.js/src/structures/UserProfile.js":{"path":"/home/travis/build/npmtest/node-npmtest-discord.js/node_modules/discord.js/src/structures/UserProfile.js","s":{"1":1,"2":1,"3":0,"4":0,"5":0,"6":0,"7":0,"8":0,"9":0,"10":0,"11":0,"12":0,"13":0,"14":1},"b":{"1":[0,0]},"f":{"1":0,"2":0},"fnMap":{"1":{"name":"(anonymous_1)","line":8,"loc":{"start":{"line":8,"column":13},"end":{"line":8,"column":26}}},"2":{"name":"(anonymous_2)","line":38,"loc":{"start":{"line":38,"column":7},"end":{"line":38,"column":14}}}},"statementMap":{"1":{"start":{"line":1,"column":0},"end":{"line":1,"column":49}},"2":{"start":{"line":2,"column":0},"end":{"line":2,"column":51}},"3":{"start":{"line":13,"column":4},"end":{"line":13,"column":21}},"4":{"start":{"line":21,"column":4},"end":{"line":21,"column":66}},"5":{"start":{"line":27,"column":4},"end":{"line":27,"column":41}},"6":{"start":{"line":33,"column":4},"end":{"line":33,"column":40}},"7":{"start":{"line":35,"column":4},"end":{"line":35,"column":21}},"8":{"start":{"line":43,"column":4},"end":{"line":43,"column":32}},"9":{"start":{"line":45,"column":4},"end":{"line":49,"column":5}},"10":{"start":{"line":46,"column":6},"end":{"line":48,"column":7}},"11":{"start":{"line":47,"column":8},"end":{"line":47,"column":74}},"12":{"start":{"line":50,"column":4},"end":{"line":52,"column":5}},"13":{"start":{"line":51,"column":6},"end":{"line":51,"column":85}},"14":{"start":{"line":56,"column":0},"end":{"line":56,"column":29}}},"branchMap":{"1":{"line":46,"type":"if","locations":[{"start":{"line":46,"column":6},"end":{"line":46,"column":6}},{"start":{"line":46,"column":6},"end":{"line":46,"column":6}}]}},"code":["const Collection = require('../util/Collection');","const UserConnection = require('./UserConnection');","","/**"," * Represents a user's profile on Discord."," */","class UserProfile {","  constructor(user, data) {","    /**","     * The owner of the profile","     * @type {User}","     */","    this.user = user;","","    /**","     * The Client that created the instance of the the UserProfile.","     * @name UserProfile#client","     * @type {Client}","     * @readonly","     */","    Object.defineProperty(this, 'client', { value: user.client });","","    /**","     * Guilds that the client user and the user share","     * @type {Collection<Guild>}","     */","    this.mutualGuilds = new Collection();","","    /**","     * The user's connections","     * @type {Collection<UserConnection>}","     */","    this.connections = new Collection();","","    this.setup(data);","  }","","  setup(data) {","    /**","     * If the user has Discord Premium","     * @type {boolean}","     */","    this.premium = data.premium;","","    for (const guild of data.mutual_guilds) {","      if (this.client.guilds.has(guild.id)) {","        this.mutualGuilds.set(guild.id, this.client.guilds.get(guild.id));","      }","    }","    for (const connection of data.connected_accounts) {","      this.connections.set(connection.id, new UserConnection(this.user, connection));","    }","  }","}","","module.exports = UserProfile;",""],"l":{"1":1,"2":1,"13":0,"21":0,"27":0,"33":0,"35":0,"43":0,"45":0,"46":0,"47":0,"50":0,"51":0,"56":1}},"/home/travis/build/npmtest/node-npmtest-discord.js/node_modules/discord.js/src/structures/VoiceChannel.js":{"path":"/home/travis/build/npmtest/node-npmtest-discord.js/node_modules/discord.js/src/structures/VoiceChannel.js","s":{"1":1,"2":1,"3":0,"4":0,"5":0,"6":0,"7":0,"8":0,"9":0,"10":0,"11":0,"12":0,"13":0,"14":0,"15":0,"16":0,"17":0,"18":0,"19":0,"20":0,"21":0,"22":0,"23":0,"24":0,"25":0,"26":0,"27":1},"b":{"1":[0,0],"2":[0,0],"3":[0,0],"4":[0,0],"5":[0,0],"6":[0,0],"7":[0,0]},"f":{"1":0,"2":0,"3":0,"4":0,"5":0,"6":0,"7":0,"8":0,"9":0},"fnMap":{"1":{"name":"(anonymous_1)","line":9,"loc":{"start":{"line":9,"column":13},"end":{"line":9,"column":27}}},"2":{"name":"(anonymous_2)","line":21,"loc":{"start":{"line":21,"column":7},"end":{"line":21,"column":14}}},"3":{"name":"(anonymous_3)","line":42,"loc":{"start":{"line":42,"column":16},"end":{"line":42,"column":19}}},"4":{"name":"(anonymous_4)","line":52,"loc":{"start":{"line":52,"column":14},"end":{"line":52,"column":17}}},"5":{"name":"(anonymous_5)","line":61,"loc":{"start":{"line":61,"column":15},"end":{"line":61,"column":18}}},"6":{"name":"(anonymous_6)","line":75,"loc":{"start":{"line":75,"column":12},"end":{"line":75,"column":22}}},"7":{"name":"(anonymous_7)","line":89,"loc":{"start":{"line":89,"column":14},"end":{"line":89,"column":26}}},"8":{"name":"(anonymous_8)","line":102,"loc":{"start":{"line":102,"column":6},"end":{"line":102,"column":9}}},"9":{"name":"(anonymous_9)","line":113,"loc":{"start":{"line":113,"column":7},"end":{"line":113,"column":10}}}},"statementMap":{"1":{"start":{"line":1,"column":0},"end":{"line":1,"column":47}},"2":{"start":{"line":2,"column":0},"end":{"line":2,"column":49}},"3":{"start":{"line":10,"column":4},"end":{"line":10,"column":23}},"4":{"start":{"line":16,"column":4},"end":{"line":16,"column":36}},"5":{"start":{"line":18,"column":4},"end":{"line":18,"column":24}},"6":{"start":{"line":22,"column":4},"end":{"line":22,"column":22}},"7":{"start":{"line":28,"column":4},"end":{"line":28,"column":32}},"8":{"start":{"line":34,"column":4},"end":{"line":34,"column":37}},"9":{"start":{"line":43,"column":4},"end":{"line":43,"column":50}},"10":{"start":{"line":44,"column":4},"end":{"line":44,"column":75}},"11":{"start":{"line":44,"column":57},"end":{"line":44,"column":75}},"12":{"start":{"line":45,"column":4},"end":{"line":45,"column":16}},"13":{"start":{"line":53,"column":4},"end":{"line":53,"column":42}},"14":{"start":{"line":53,"column":29},"end":{"line":53,"column":42}},"15":{"start":{"line":54,"column":4},"end":{"line":54,"column":74}},"16":{"start":{"line":62,"column":4},"end":{"line":62,"column":72}},"17":{"start":{"line":76,"column":4},"end":{"line":76,"column":34}},"18":{"start":{"line":90,"column":4},"end":{"line":90,"column":36}},"19":{"start":{"line":103,"column":4},"end":{"line":103,"column":114}},"20":{"start":{"line":103,"column":29},"end":{"line":103,"column":114}},"21":{"start":{"line":104,"column":4},"end":{"line":104,"column":47}},"22":{"start":{"line":114,"column":4},"end":{"line":114,"column":36}},"23":{"start":{"line":114,"column":29},"end":{"line":114,"column":36}},"24":{"start":{"line":115,"column":4},"end":{"line":115,"column":72}},"25":{"start":{"line":116,"column":4},"end":{"line":116,"column":81}},"26":{"start":{"line":116,"column":57},"end":{"line":116,"column":81}},"27":{"start":{"line":120,"column":0},"end":{"line":120,"column":30}}},"branchMap":{"1":{"line":44,"type":"if","locations":[{"start":{"line":44,"column":4},"end":{"line":44,"column":4}},{"start":{"line":44,"column":4},"end":{"line":44,"column":4}}]},"2":{"line":44,"type":"binary-expr","locations":[{"start":{"line":44,"column":8},"end":{"line":44,"column":18}},{"start":{"line":44,"column":22},"end":{"line":44,"column":55}}]},"3":{"line":53,"type":"if","locations":[{"start":{"line":53,"column":4},"end":{"line":53,"column":4}},{"start":{"line":53,"column":4},"end":{"line":53,"column":4}}]},"4":{"line":103,"type":"if","locations":[{"start":{"line":103,"column":4},"end":{"line":103,"column":4}},{"start":{"line":103,"column":4},"end":{"line":103,"column":4}}]},"5":{"line":114,"type":"if","locations":[{"start":{"line":114,"column":4},"end":{"line":114,"column":4}},{"start":{"line":114,"column":4},"end":{"line":114,"column":4}}]},"6":{"line":116,"type":"if","locations":[{"start":{"line":116,"column":4},"end":{"line":116,"column":4}},{"start":{"line":116,"column":4},"end":{"line":116,"column":4}}]},"7":{"line":116,"type":"binary-expr","locations":[{"start":{"line":116,"column":8},"end":{"line":116,"column":18}},{"start":{"line":116,"column":22},"end":{"line":116,"column":55}}]}},"code":["const GuildChannel = require('./GuildChannel');","const Collection = require('../util/Collection');","","/**"," * Represents a guild voice channel on Discord."," * @extends {GuildChannel}"," */","class VoiceChannel extends GuildChannel {","  constructor(guild, data) {","    super(guild, data);","","    /**","     * The members in this voice channel.","     * @type {Collection<string, GuildMember>}","     */","    this.members = new Collection();","","    this.type = 'voice';","  }","","  setup(data) {","    super.setup(data);","","    /**","     * The bitrate of this voice channel","     * @type {number}","     */","    this.bitrate = data.bitrate;","","    /**","     * The maximum amount of users allowed in this channel - 0 means unlimited.","     * @type {number}","     */","    this.userLimit = data.user_limit;","  }","","  /**","   * The voice connection for this voice channel, if the client is connected","   * @type {?VoiceConnection}","   * @readonly","   */","  get connection() {","    const connection = this.guild.voiceConnection;","    if (connection && connection.channel.id === this.id) return connection;","    return null;","  }","","  /**","   * Checks if the client has permission join the voice channel","   * @type {boolean}","   */","  get joinable() {","    if (this.client.browser) return false;","    return this.permissionsFor(this.client.user).hasPermission('CONNECT');","  }","","  /**","   * Checks if the client has permission to send audio to the voice channel","   * @type {boolean}","   */","  get speakable() {","    return this.permissionsFor(this.client.user).hasPermission('SPEAK');","  }","","  /**","   * Sets the bitrate of the channel","   * @param {number} bitrate The new bitrate","   * @returns {Promise<VoiceChannel>}","   * @example","   * // set the bitrate of a voice channel","   * voiceChannel.setBitrate(48000)","   *  .then(vc => console.log(`Set bitrate to ${vc.bitrate} for ${vc.name}`))","   *  .catch(console.error);","   */","  setBitrate(bitrate) {","    return this.edit({ bitrate });","  }","","  /**","   * Sets the user limit of the channel","   * @param {number} userLimit The new user limit","   * @returns {Promise<VoiceChannel>}","   * @example","   * // set the user limit of a voice channel","   * voiceChannel.setUserLimit(42)","   *  .then(vc => console.log(`Set user limit to ${vc.userLimit} for ${vc.name}`))","   *  .catch(console.error);","   */","  setUserLimit(userLimit) {","    return this.edit({ userLimit });","  }","","  /**","   * Attempts to join this voice channel","   * @returns {Promise<VoiceConnection>}","   * @example","   * // join a voice channel","   * voiceChannel.join()","   *  .then(connection => console.log('Connected!'))","   *  .catch(console.error);","   */","  join() {","    if (this.client.browser) return Promise.reject(new Error('Voice connections are not available in browsers.'));","    return this.client.voice.joinChannel(this);","  }","","  /**","   * Leaves this voice channel","   * @example","   * // leave a voice channel","   * voiceChannel.leave();","   */","  leave() {","    if (this.client.browser) return;","    const connection = this.client.voice.connections.get(this.guild.id);","    if (connection && connection.channel.id === this.id) connection.disconnect();","  }","}","","module.exports = VoiceChannel;",""],"l":{"1":1,"2":1,"10":0,"16":0,"18":0,"22":0,"28":0,"34":0,"43":0,"44":0,"45":0,"53":0,"54":0,"62":0,"76":0,"90":0,"103":0,"104":0,"114":0,"115":0,"116":0,"120":1}},"/home/travis/build/npmtest/node-npmtest-discord.js/node_modules/discord.js/src/util/ArraysEqual.js":{"path":"/home/travis/build/npmtest/node-npmtest-discord.js/node_modules/discord.js/src/util/ArraysEqual.js","s":{"1":1,"2":0,"3":0,"4":0,"5":0,"6":0,"7":0,"8":0,"9":0,"10":0,"11":0},"b":{"1":[0,0],"2":[0,0],"3":[0,0]},"f":{"1":0},"fnMap":{"1":{"name":"arraysEqual","line":1,"loc":{"start":{"line":1,"column":17},"end":{"line":1,"column":44}}}},"statementMap":{"1":{"start":{"line":1,"column":0},"end":{"line":14,"column":2}},"2":{"start":{"line":2,"column":2},"end":{"line":2,"column":27}},"3":{"start":{"line":2,"column":15},"end":{"line":2,"column":27}},"4":{"start":{"line":3,"column":2},"end":{"line":3,"column":42}},"5":{"start":{"line":3,"column":29},"end":{"line":3,"column":42}},"6":{"start":{"line":5,"column":2},"end":{"line":11,"column":3}},"7":{"start":{"line":6,"column":4},"end":{"line":6,"column":28}},"8":{"start":{"line":7,"column":4},"end":{"line":7,"column":32}},"9":{"start":{"line":8,"column":4},"end":{"line":10,"column":5}},"10":{"start":{"line":9,"column":6},"end":{"line":9,"column":23}},"11":{"start":{"line":13,"column":2},"end":{"line":13,"column":24}}},"branchMap":{"1":{"line":2,"type":"if","locations":[{"start":{"line":2,"column":2},"end":{"line":2,"column":2}},{"start":{"line":2,"column":2},"end":{"line":2,"column":2}}]},"2":{"line":3,"type":"if","locations":[{"start":{"line":3,"column":2},"end":{"line":3,"column":2}},{"start":{"line":3,"column":2},"end":{"line":3,"column":2}}]},"3":{"line":8,"type":"if","locations":[{"start":{"line":8,"column":4},"end":{"line":8,"column":4}},{"start":{"line":8,"column":4},"end":{"line":8,"column":4}}]}},"code":["module.exports = function arraysEqual(a, b) {","  if (a === b) return true;","  if (a.length !== b.length) return false;","","  for (const itemInd in a) {","    const item = a[itemInd];","    const ind = b.indexOf(item);","    if (ind) {","      b.splice(ind, 1);","    }","  }","","  return b.length === 0;","};",""],"l":{"1":1,"2":0,"3":0,"5":0,"6":0,"7":0,"8":0,"9":0,"13":0}},"/home/travis/build/npmtest/node-npmtest-discord.js/node_modules/discord.js/src/util/ParseEmoji.js":{"path":"/home/travis/build/npmtest/node-npmtest-discord.js/node_modules/discord.js/src/util/ParseEmoji.js","s":{"1":1,"2":0,"3":0,"4":0,"5":0,"6":0,"7":0},"b":{"1":[0,0],"2":[0,0]},"f":{"1":0},"fnMap":{"1":{"name":"parseEmoji","line":1,"loc":{"start":{"line":1,"column":17},"end":{"line":1,"column":43}}}},"statementMap":{"1":{"start":{"line":1,"column":0},"end":{"line":14,"column":2}},"2":{"start":{"line":2,"column":2},"end":{"line":4,"column":3}},"3":{"start":{"line":3,"column":4},"end":{"line":3,"column":36}},"4":{"start":{"line":5,"column":2},"end":{"line":13,"column":3}},"5":{"start":{"line":6,"column":4},"end":{"line":6,"column":39}},"6":{"start":{"line":7,"column":4},"end":{"line":7,"column":24}},"7":{"start":{"line":9,"column":4},"end":{"line":12,"column":6}}},"branchMap":{"1":{"line":2,"type":"if","locations":[{"start":{"line":2,"column":2},"end":{"line":2,"column":2}},{"start":{"line":2,"column":2},"end":{"line":2,"column":2}}]},"2":{"line":5,"type":"if","locations":[{"start":{"line":5,"column":2},"end":{"line":5,"column":2}},{"start":{"line":5,"column":2},"end":{"line":5,"column":2}}]}},"code":["module.exports = function parseEmoji(text) {","  if (text.includes('%')) {","    text = decodeURIComponent(text);","  }","  if (text.includes(':')) {","    const [name, id] = text.split(':');","    return { name, id };","  } else {","    return {","      name: text,","      id: null,","    };","  }","};",""],"l":{"1":1,"2":0,"3":0,"5":0,"6":0,"7":0,"9":0}}}